ERROR - 2022-11-09 11:48:54 --> Error connecting to the database: mysqli_sql_exception: Access denied for user ''@'localhost' (using password: NO) in F:\WEB\XAMPP\htdocs\wwegis\vendor\codeigniter4\framework\system\Database\MySQLi\Connection.php:171
Stack trace:
#0 F:\WEB\XAMPP\htdocs\wwegis\vendor\codeigniter4\framework\system\Database\MySQLi\Connection.php(171): mysqli->real_connect('localhost', '', '', '', 3306, '', 0)
#1 F:\WEB\XAMPP\htdocs\wwegis\vendor\codeigniter4\framework\system\Database\BaseConnection.php(382): CodeIgniter\Database\MySQLi\Connection->connect(false)
#2 F:\WEB\XAMPP\htdocs\wwegis\vendor\codeigniter4\framework\system\Database\BaseConnection.php(561): CodeIgniter\Database\BaseConnection->initialize()
#3 F:\WEB\XAMPP\htdocs\wwegis\vendor\codeigniter4\framework\system\Database\BaseConnection.php(1360): CodeIgniter\Database\BaseConnection->query('SHOW TABLES FRO...')
#4 F:\WEB\XAMPP\htdocs\wwegis\vendor\codeigniter4\framework\system\Database\BaseConnection.php(1394): CodeIgniter\Database\BaseConnection->listTables()
#5 F:\WEB\XAMPP\htdocs\wwegis\vendor\codeigniter4\framework\system\Database\MigrationRunner.php(759): CodeIgniter\Database\BaseConnection->tableExists('migrations')
#6 F:\WEB\XAMPP\htdocs\wwegis\vendor\codeigniter4\framework\system\Database\MigrationRunner.php(167): CodeIgniter\Database\MigrationRunner->ensureTable()
#7 F:\WEB\XAMPP\htdocs\wwegis\vendor\codeigniter4\framework\system\Commands\Database\Migrate.php(84): CodeIgniter\Database\MigrationRunner->latest(NULL)
#8 F:\WEB\XAMPP\htdocs\wwegis\vendor\codeigniter4\framework\system\CLI\Commands.php(63): CodeIgniter\Commands\Database\Migrate->run(Array)
#9 F:\WEB\XAMPP\htdocs\wwegis\vendor\codeigniter4\framework\system\CLI\CommandRunner.php(65): CodeIgniter\CLI\Commands->run('migrate', Array)
#10 F:\WEB\XAMPP\htdocs\wwegis\vendor\codeigniter4\framework\system\CLI\CommandRunner.php(51): CodeIgniter\CLI\CommandRunner->index(Array)
#11 F:\WEB\XAMPP\htdocs\wwegis\vendor\codeigniter4\framework\system\CodeIgniter.php(920): CodeIgniter\CLI\CommandRunner->_remap('index', Array)
#12 F:\WEB\XAMPP\htdocs\wwegis\vendor\codeigniter4\framework\system\CodeIgniter.php(482): CodeIgniter\CodeIgniter->runController(Object(CodeIgniter\CLI\CommandRunner))
#13 F:\WEB\XAMPP\htdocs\wwegis\vendor\codeigniter4\framework\system\CodeIgniter.php(347): CodeIgniter\CodeIgniter->handleRequest(NULL, Object(Config\Cache), false)
#14 F:\WEB\XAMPP\htdocs\wwegis\vendor\codeigniter4\framework\system\CLI\Console.php(48): CodeIgniter\CodeIgniter->run()
#15 F:\WEB\XAMPP\htdocs\wwegis\spark(98): CodeIgniter\CLI\Console->run()
#16 {main}

Next CodeIgniter\Database\Exceptions\DatabaseException: Access denied for user ''@'localhost' (using password: NO) in F:\WEB\XAMPP\htdocs\wwegis\vendor\codeigniter4\framework\system\Database\MySQLi\Connection.php:215
Stack trace:
#0 F:\WEB\XAMPP\htdocs\wwegis\vendor\codeigniter4\framework\system\Database\BaseConnection.php(382): CodeIgniter\Database\MySQLi\Connection->connect(false)
#1 F:\WEB\XAMPP\htdocs\wwegis\vendor\codeigniter4\framework\system\Database\BaseConnection.php(561): CodeIgniter\Database\BaseConnection->initialize()
#2 F:\WEB\XAMPP\htdocs\wwegis\vendor\codeigniter4\framework\system\Database\BaseConnection.php(1360): CodeIgniter\Database\BaseConnection->query('SHOW TABLES FRO...')
#3 F:\WEB\XAMPP\htdocs\wwegis\vendor\codeigniter4\framework\system\Database\BaseConnection.php(1394): CodeIgniter\Database\BaseConnection->listTables()
#4 F:\WEB\XAMPP\htdocs\wwegis\vendor\codeigniter4\framework\system\Database\MigrationRunner.php(759): CodeIgniter\Database\BaseConnection->tableExists('migrations')
#5 F:\WEB\XAMPP\htdocs\wwegis\vendor\codeigniter4\framework\system\Database\MigrationRunner.php(167): CodeIgniter\Database\MigrationRunner->ensureTable()
#6 F:\WEB\XAMPP\htdocs\wwegis\vendor\codeigniter4\framework\system\Commands\Database\Migrate.php(84): CodeIgniter\Database\MigrationRunner->latest(NULL)
#7 F:\WEB\XAMPP\htdocs\wwegis\vendor\codeigniter4\framework\system\CLI\Commands.php(63): CodeIgniter\Commands\Database\Migrate->run(Array)
#8 F:\WEB\XAMPP\htdocs\wwegis\vendor\codeigniter4\framework\system\CLI\CommandRunner.php(65): CodeIgniter\CLI\Commands->run('migrate', Array)
#9 F:\WEB\XAMPP\htdocs\wwegis\vendor\codeigniter4\framework\system\CLI\CommandRunner.php(51): CodeIgniter\CLI\CommandRunner->index(Array)
#10 F:\WEB\XAMPP\htdocs\wwegis\vendor\codeigniter4\framework\system\CodeIgniter.php(920): CodeIgniter\CLI\CommandRunner->_remap('index', Array)
#11 F:\WEB\XAMPP\htdocs\wwegis\vendor\codeigniter4\framework\system\CodeIgniter.php(482): CodeIgniter\CodeIgniter->runController(Object(CodeIgniter\CLI\CommandRunner))
#12 F:\WEB\XAMPP\htdocs\wwegis\vendor\codeigniter4\framework\system\CodeIgniter.php(347): CodeIgniter\CodeIgniter->handleRequest(NULL, Object(Config\Cache), false)
#13 F:\WEB\XAMPP\htdocs\wwegis\vendor\codeigniter4\framework\system\CLI\Console.php(48): CodeIgniter\CodeIgniter->run()
#14 F:\WEB\XAMPP\htdocs\wwegis\spark(98): CodeIgniter\CLI\Console->run()
#15 {main}
ERROR - 2022-11-09 11:49:53 --> Error connecting to the database: mysqli_sql_exception: Access denied for user ''@'localhost' (using password: NO) in F:\WEB\XAMPP\htdocs\wwegis\vendor\codeigniter4\framework\system\Database\MySQLi\Connection.php:171
Stack trace:
#0 F:\WEB\XAMPP\htdocs\wwegis\vendor\codeigniter4\framework\system\Database\MySQLi\Connection.php(171): mysqli->real_connect('localhost', '', '', '', 3306, '', 0)
#1 F:\WEB\XAMPP\htdocs\wwegis\vendor\codeigniter4\framework\system\Database\BaseConnection.php(382): CodeIgniter\Database\MySQLi\Connection->connect(false)
#2 F:\WEB\XAMPP\htdocs\wwegis\vendor\codeigniter4\framework\system\Database\BaseConnection.php(561): CodeIgniter\Database\BaseConnection->initialize()
#3 F:\WEB\XAMPP\htdocs\wwegis\vendor\codeigniter4\framework\system\Database\BaseConnection.php(1360): CodeIgniter\Database\BaseConnection->query('SHOW TABLES FRO...')
#4 F:\WEB\XAMPP\htdocs\wwegis\vendor\codeigniter4\framework\system\Database\BaseConnection.php(1394): CodeIgniter\Database\BaseConnection->listTables()
#5 F:\WEB\XAMPP\htdocs\wwegis\vendor\codeigniter4\framework\system\Database\MigrationRunner.php(759): CodeIgniter\Database\BaseConnection->tableExists('migrations')
#6 F:\WEB\XAMPP\htdocs\wwegis\vendor\codeigniter4\framework\system\Database\MigrationRunner.php(167): CodeIgniter\Database\MigrationRunner->ensureTable()
#7 F:\WEB\XAMPP\htdocs\wwegis\vendor\codeigniter4\framework\system\Commands\Database\Migrate.php(84): CodeIgniter\Database\MigrationRunner->latest(NULL)
#8 F:\WEB\XAMPP\htdocs\wwegis\vendor\codeigniter4\framework\system\CLI\Commands.php(63): CodeIgniter\Commands\Database\Migrate->run(Array)
#9 F:\WEB\XAMPP\htdocs\wwegis\vendor\codeigniter4\framework\system\CLI\CommandRunner.php(65): CodeIgniter\CLI\Commands->run('migrate', Array)
#10 F:\WEB\XAMPP\htdocs\wwegis\vendor\codeigniter4\framework\system\CLI\CommandRunner.php(51): CodeIgniter\CLI\CommandRunner->index(Array)
#11 F:\WEB\XAMPP\htdocs\wwegis\vendor\codeigniter4\framework\system\CodeIgniter.php(920): CodeIgniter\CLI\CommandRunner->_remap('index', Array)
#12 F:\WEB\XAMPP\htdocs\wwegis\vendor\codeigniter4\framework\system\CodeIgniter.php(482): CodeIgniter\CodeIgniter->runController(Object(CodeIgniter\CLI\CommandRunner))
#13 F:\WEB\XAMPP\htdocs\wwegis\vendor\codeigniter4\framework\system\CodeIgniter.php(347): CodeIgniter\CodeIgniter->handleRequest(NULL, Object(Config\Cache), false)
#14 F:\WEB\XAMPP\htdocs\wwegis\vendor\codeigniter4\framework\system\CLI\Console.php(48): CodeIgniter\CodeIgniter->run()
#15 F:\WEB\XAMPP\htdocs\wwegis\spark(98): CodeIgniter\CLI\Console->run()
#16 {main}

Next CodeIgniter\Database\Exceptions\DatabaseException: Access denied for user ''@'localhost' (using password: NO) in F:\WEB\XAMPP\htdocs\wwegis\vendor\codeigniter4\framework\system\Database\MySQLi\Connection.php:215
Stack trace:
#0 F:\WEB\XAMPP\htdocs\wwegis\vendor\codeigniter4\framework\system\Database\BaseConnection.php(382): CodeIgniter\Database\MySQLi\Connection->connect(false)
#1 F:\WEB\XAMPP\htdocs\wwegis\vendor\codeigniter4\framework\system\Database\BaseConnection.php(561): CodeIgniter\Database\BaseConnection->initialize()
#2 F:\WEB\XAMPP\htdocs\wwegis\vendor\codeigniter4\framework\system\Database\BaseConnection.php(1360): CodeIgniter\Database\BaseConnection->query('SHOW TABLES FRO...')
#3 F:\WEB\XAMPP\htdocs\wwegis\vendor\codeigniter4\framework\system\Database\BaseConnection.php(1394): CodeIgniter\Database\BaseConnection->listTables()
#4 F:\WEB\XAMPP\htdocs\wwegis\vendor\codeigniter4\framework\system\Database\MigrationRunner.php(759): CodeIgniter\Database\BaseConnection->tableExists('migrations')
#5 F:\WEB\XAMPP\htdocs\wwegis\vendor\codeigniter4\framework\system\Database\MigrationRunner.php(167): CodeIgniter\Database\MigrationRunner->ensureTable()
#6 F:\WEB\XAMPP\htdocs\wwegis\vendor\codeigniter4\framework\system\Commands\Database\Migrate.php(84): CodeIgniter\Database\MigrationRunner->latest(NULL)
#7 F:\WEB\XAMPP\htdocs\wwegis\vendor\codeigniter4\framework\system\CLI\Commands.php(63): CodeIgniter\Commands\Database\Migrate->run(Array)
#8 F:\WEB\XAMPP\htdocs\wwegis\vendor\codeigniter4\framework\system\CLI\CommandRunner.php(65): CodeIgniter\CLI\Commands->run('migrate', Array)
#9 F:\WEB\XAMPP\htdocs\wwegis\vendor\codeigniter4\framework\system\CLI\CommandRunner.php(51): CodeIgniter\CLI\CommandRunner->index(Array)
#10 F:\WEB\XAMPP\htdocs\wwegis\vendor\codeigniter4\framework\system\CodeIgniter.php(920): CodeIgniter\CLI\CommandRunner->_remap('index', Array)
#11 F:\WEB\XAMPP\htdocs\wwegis\vendor\codeigniter4\framework\system\CodeIgniter.php(482): CodeIgniter\CodeIgniter->runController(Object(CodeIgniter\CLI\CommandRunner))
#12 F:\WEB\XAMPP\htdocs\wwegis\vendor\codeigniter4\framework\system\CodeIgniter.php(347): CodeIgniter\CodeIgniter->handleRequest(NULL, Object(Config\Cache), false)
#13 F:\WEB\XAMPP\htdocs\wwegis\vendor\codeigniter4\framework\system\CLI\Console.php(48): CodeIgniter\CodeIgniter->run()
#14 F:\WEB\XAMPP\htdocs\wwegis\spark(98): CodeIgniter\CLI\Console->run()
#15 {main}
ERROR - 2022-11-09 11:50:26 --> Error connecting to the database: mysqli_sql_exception: Access denied for user ''@'localhost' (using password: NO) in F:\WEB\XAMPP\htdocs\wwegis\vendor\codeigniter4\framework\system\Database\MySQLi\Connection.php:171
Stack trace:
#0 F:\WEB\XAMPP\htdocs\wwegis\vendor\codeigniter4\framework\system\Database\MySQLi\Connection.php(171): mysqli->real_connect('localhost', '', '', '', 3306, '', 0)
#1 F:\WEB\XAMPP\htdocs\wwegis\vendor\codeigniter4\framework\system\Database\BaseConnection.php(382): CodeIgniter\Database\MySQLi\Connection->connect(false)
#2 F:\WEB\XAMPP\htdocs\wwegis\vendor\codeigniter4\framework\system\Database\BaseConnection.php(561): CodeIgniter\Database\BaseConnection->initialize()
#3 F:\WEB\XAMPP\htdocs\wwegis\vendor\codeigniter4\framework\system\Database\BaseConnection.php(1360): CodeIgniter\Database\BaseConnection->query('SHOW TABLES FRO...')
#4 F:\WEB\XAMPP\htdocs\wwegis\vendor\codeigniter4\framework\system\Database\BaseConnection.php(1394): CodeIgniter\Database\BaseConnection->listTables()
#5 F:\WEB\XAMPP\htdocs\wwegis\vendor\codeigniter4\framework\system\Database\MigrationRunner.php(759): CodeIgniter\Database\BaseConnection->tableExists('migrations')
#6 F:\WEB\XAMPP\htdocs\wwegis\vendor\codeigniter4\framework\system\Database\MigrationRunner.php(167): CodeIgniter\Database\MigrationRunner->ensureTable()
#7 F:\WEB\XAMPP\htdocs\wwegis\vendor\codeigniter4\framework\system\Commands\Database\Migrate.php(84): CodeIgniter\Database\MigrationRunner->latest(NULL)
#8 F:\WEB\XAMPP\htdocs\wwegis\vendor\codeigniter4\framework\system\CLI\Commands.php(63): CodeIgniter\Commands\Database\Migrate->run(Array)
#9 F:\WEB\XAMPP\htdocs\wwegis\vendor\codeigniter4\framework\system\CLI\CommandRunner.php(65): CodeIgniter\CLI\Commands->run('migrate', Array)
#10 F:\WEB\XAMPP\htdocs\wwegis\vendor\codeigniter4\framework\system\CLI\CommandRunner.php(51): CodeIgniter\CLI\CommandRunner->index(Array)
#11 F:\WEB\XAMPP\htdocs\wwegis\vendor\codeigniter4\framework\system\CodeIgniter.php(920): CodeIgniter\CLI\CommandRunner->_remap('index', Array)
#12 F:\WEB\XAMPP\htdocs\wwegis\vendor\codeigniter4\framework\system\CodeIgniter.php(482): CodeIgniter\CodeIgniter->runController(Object(CodeIgniter\CLI\CommandRunner))
#13 F:\WEB\XAMPP\htdocs\wwegis\vendor\codeigniter4\framework\system\CodeIgniter.php(347): CodeIgniter\CodeIgniter->handleRequest(NULL, Object(Config\Cache), false)
#14 F:\WEB\XAMPP\htdocs\wwegis\vendor\codeigniter4\framework\system\CLI\Console.php(48): CodeIgniter\CodeIgniter->run()
#15 F:\WEB\XAMPP\htdocs\wwegis\spark(98): CodeIgniter\CLI\Console->run()
#16 {main}

Next CodeIgniter\Database\Exceptions\DatabaseException: Access denied for user ''@'localhost' (using password: NO) in F:\WEB\XAMPP\htdocs\wwegis\vendor\codeigniter4\framework\system\Database\MySQLi\Connection.php:215
Stack trace:
#0 F:\WEB\XAMPP\htdocs\wwegis\vendor\codeigniter4\framework\system\Database\BaseConnection.php(382): CodeIgniter\Database\MySQLi\Connection->connect(false)
#1 F:\WEB\XAMPP\htdocs\wwegis\vendor\codeigniter4\framework\system\Database\BaseConnection.php(561): CodeIgniter\Database\BaseConnection->initialize()
#2 F:\WEB\XAMPP\htdocs\wwegis\vendor\codeigniter4\framework\system\Database\BaseConnection.php(1360): CodeIgniter\Database\BaseConnection->query('SHOW TABLES FRO...')
#3 F:\WEB\XAMPP\htdocs\wwegis\vendor\codeigniter4\framework\system\Database\BaseConnection.php(1394): CodeIgniter\Database\BaseConnection->listTables()
#4 F:\WEB\XAMPP\htdocs\wwegis\vendor\codeigniter4\framework\system\Database\MigrationRunner.php(759): CodeIgniter\Database\BaseConnection->tableExists('migrations')
#5 F:\WEB\XAMPP\htdocs\wwegis\vendor\codeigniter4\framework\system\Database\MigrationRunner.php(167): CodeIgniter\Database\MigrationRunner->ensureTable()
#6 F:\WEB\XAMPP\htdocs\wwegis\vendor\codeigniter4\framework\system\Commands\Database\Migrate.php(84): CodeIgniter\Database\MigrationRunner->latest(NULL)
#7 F:\WEB\XAMPP\htdocs\wwegis\vendor\codeigniter4\framework\system\CLI\Commands.php(63): CodeIgniter\Commands\Database\Migrate->run(Array)
#8 F:\WEB\XAMPP\htdocs\wwegis\vendor\codeigniter4\framework\system\CLI\CommandRunner.php(65): CodeIgniter\CLI\Commands->run('migrate', Array)
#9 F:\WEB\XAMPP\htdocs\wwegis\vendor\codeigniter4\framework\system\CLI\CommandRunner.php(51): CodeIgniter\CLI\CommandRunner->index(Array)
#10 F:\WEB\XAMPP\htdocs\wwegis\vendor\codeigniter4\framework\system\CodeIgniter.php(920): CodeIgniter\CLI\CommandRunner->_remap('index', Array)
#11 F:\WEB\XAMPP\htdocs\wwegis\vendor\codeigniter4\framework\system\CodeIgniter.php(482): CodeIgniter\CodeIgniter->runController(Object(CodeIgniter\CLI\CommandRunner))
#12 F:\WEB\XAMPP\htdocs\wwegis\vendor\codeigniter4\framework\system\CodeIgniter.php(347): CodeIgniter\CodeIgniter->handleRequest(NULL, Object(Config\Cache), false)
#13 F:\WEB\XAMPP\htdocs\wwegis\vendor\codeigniter4\framework\system\CLI\Console.php(48): CodeIgniter\CodeIgniter->run()
#14 F:\WEB\XAMPP\htdocs\wwegis\spark(98): CodeIgniter\CLI\Console->run()
#15 {main}
ERROR - 2022-11-09 11:51:50 --> Error connecting to the database: mysqli_sql_exception: Access denied for user ''@'localhost' (using password: NO) in F:\WEB\XAMPP\htdocs\wwegis\vendor\codeigniter4\framework\system\Database\MySQLi\Connection.php:171
Stack trace:
#0 F:\WEB\XAMPP\htdocs\wwegis\vendor\codeigniter4\framework\system\Database\MySQLi\Connection.php(171): mysqli->real_connect('localhost', '', '', '', 3306, '', 0)
#1 F:\WEB\XAMPP\htdocs\wwegis\vendor\codeigniter4\framework\system\Database\BaseConnection.php(382): CodeIgniter\Database\MySQLi\Connection->connect(false)
#2 F:\WEB\XAMPP\htdocs\wwegis\vendor\codeigniter4\framework\system\Database\BaseConnection.php(561): CodeIgniter\Database\BaseConnection->initialize()
#3 F:\WEB\XAMPP\htdocs\wwegis\vendor\codeigniter4\framework\system\Database\BaseConnection.php(1360): CodeIgniter\Database\BaseConnection->query('SHOW TABLES FRO...')
#4 F:\WEB\XAMPP\htdocs\wwegis\vendor\codeigniter4\framework\system\Database\BaseConnection.php(1394): CodeIgniter\Database\BaseConnection->listTables()
#5 F:\WEB\XAMPP\htdocs\wwegis\vendor\codeigniter4\framework\system\Database\MigrationRunner.php(759): CodeIgniter\Database\BaseConnection->tableExists('migrations')
#6 F:\WEB\XAMPP\htdocs\wwegis\vendor\codeigniter4\framework\system\Database\MigrationRunner.php(167): CodeIgniter\Database\MigrationRunner->ensureTable()
#7 F:\WEB\XAMPP\htdocs\wwegis\vendor\codeigniter4\framework\system\Commands\Database\Migrate.php(84): CodeIgniter\Database\MigrationRunner->latest(NULL)
#8 F:\WEB\XAMPP\htdocs\wwegis\vendor\codeigniter4\framework\system\CLI\Commands.php(63): CodeIgniter\Commands\Database\Migrate->run(Array)
#9 F:\WEB\XAMPP\htdocs\wwegis\vendor\codeigniter4\framework\system\CLI\CommandRunner.php(65): CodeIgniter\CLI\Commands->run('migrate', Array)
#10 F:\WEB\XAMPP\htdocs\wwegis\vendor\codeigniter4\framework\system\CLI\CommandRunner.php(51): CodeIgniter\CLI\CommandRunner->index(Array)
#11 F:\WEB\XAMPP\htdocs\wwegis\vendor\codeigniter4\framework\system\CodeIgniter.php(920): CodeIgniter\CLI\CommandRunner->_remap('index', Array)
#12 F:\WEB\XAMPP\htdocs\wwegis\vendor\codeigniter4\framework\system\CodeIgniter.php(482): CodeIgniter\CodeIgniter->runController(Object(CodeIgniter\CLI\CommandRunner))
#13 F:\WEB\XAMPP\htdocs\wwegis\vendor\codeigniter4\framework\system\CodeIgniter.php(347): CodeIgniter\CodeIgniter->handleRequest(NULL, Object(Config\Cache), false)
#14 F:\WEB\XAMPP\htdocs\wwegis\vendor\codeigniter4\framework\system\CLI\Console.php(48): CodeIgniter\CodeIgniter->run()
#15 F:\WEB\XAMPP\htdocs\wwegis\spark(98): CodeIgniter\CLI\Console->run()
#16 {main}

Next CodeIgniter\Database\Exceptions\DatabaseException: Access denied for user ''@'localhost' (using password: NO) in F:\WEB\XAMPP\htdocs\wwegis\vendor\codeigniter4\framework\system\Database\MySQLi\Connection.php:215
Stack trace:
#0 F:\WEB\XAMPP\htdocs\wwegis\vendor\codeigniter4\framework\system\Database\BaseConnection.php(382): CodeIgniter\Database\MySQLi\Connection->connect(false)
#1 F:\WEB\XAMPP\htdocs\wwegis\vendor\codeigniter4\framework\system\Database\BaseConnection.php(561): CodeIgniter\Database\BaseConnection->initialize()
#2 F:\WEB\XAMPP\htdocs\wwegis\vendor\codeigniter4\framework\system\Database\BaseConnection.php(1360): CodeIgniter\Database\BaseConnection->query('SHOW TABLES FRO...')
#3 F:\WEB\XAMPP\htdocs\wwegis\vendor\codeigniter4\framework\system\Database\BaseConnection.php(1394): CodeIgniter\Database\BaseConnection->listTables()
#4 F:\WEB\XAMPP\htdocs\wwegis\vendor\codeigniter4\framework\system\Database\MigrationRunner.php(759): CodeIgniter\Database\BaseConnection->tableExists('migrations')
#5 F:\WEB\XAMPP\htdocs\wwegis\vendor\codeigniter4\framework\system\Database\MigrationRunner.php(167): CodeIgniter\Database\MigrationRunner->ensureTable()
#6 F:\WEB\XAMPP\htdocs\wwegis\vendor\codeigniter4\framework\system\Commands\Database\Migrate.php(84): CodeIgniter\Database\MigrationRunner->latest(NULL)
#7 F:\WEB\XAMPP\htdocs\wwegis\vendor\codeigniter4\framework\system\CLI\Commands.php(63): CodeIgniter\Commands\Database\Migrate->run(Array)
#8 F:\WEB\XAMPP\htdocs\wwegis\vendor\codeigniter4\framework\system\CLI\CommandRunner.php(65): CodeIgniter\CLI\Commands->run('migrate', Array)
#9 F:\WEB\XAMPP\htdocs\wwegis\vendor\codeigniter4\framework\system\CLI\CommandRunner.php(51): CodeIgniter\CLI\CommandRunner->index(Array)
#10 F:\WEB\XAMPP\htdocs\wwegis\vendor\codeigniter4\framework\system\CodeIgniter.php(920): CodeIgniter\CLI\CommandRunner->_remap('index', Array)
#11 F:\WEB\XAMPP\htdocs\wwegis\vendor\codeigniter4\framework\system\CodeIgniter.php(482): CodeIgniter\CodeIgniter->runController(Object(CodeIgniter\CLI\CommandRunner))
#12 F:\WEB\XAMPP\htdocs\wwegis\vendor\codeigniter4\framework\system\CodeIgniter.php(347): CodeIgniter\CodeIgniter->handleRequest(NULL, Object(Config\Cache), false)
#13 F:\WEB\XAMPP\htdocs\wwegis\vendor\codeigniter4\framework\system\CLI\Console.php(48): CodeIgniter\CodeIgniter->run()
#14 F:\WEB\XAMPP\htdocs\wwegis\spark(98): CodeIgniter\CLI\Console->run()
#15 {main}
ERROR - 2022-11-09 11:53:03 --> Error connecting to the database: mysqli_sql_exception: Access denied for user ''@'localhost' (using password: NO) in F:\WEB\XAMPP\htdocs\wwegis\vendor\codeigniter4\framework\system\Database\MySQLi\Connection.php:171
Stack trace:
#0 F:\WEB\XAMPP\htdocs\wwegis\vendor\codeigniter4\framework\system\Database\MySQLi\Connection.php(171): mysqli->real_connect('localhost', '', '', '', 3306, '', 0)
#1 F:\WEB\XAMPP\htdocs\wwegis\vendor\codeigniter4\framework\system\Database\BaseConnection.php(382): CodeIgniter\Database\MySQLi\Connection->connect(false)
#2 F:\WEB\XAMPP\htdocs\wwegis\vendor\codeigniter4\framework\system\Database\BaseConnection.php(561): CodeIgniter\Database\BaseConnection->initialize()
#3 F:\WEB\XAMPP\htdocs\wwegis\vendor\codeigniter4\framework\system\Database\BaseConnection.php(1360): CodeIgniter\Database\BaseConnection->query('SHOW TABLES FRO...')
#4 F:\WEB\XAMPP\htdocs\wwegis\vendor\codeigniter4\framework\system\Database\BaseConnection.php(1394): CodeIgniter\Database\BaseConnection->listTables()
#5 F:\WEB\XAMPP\htdocs\wwegis\vendor\codeigniter4\framework\system\Database\MigrationRunner.php(759): CodeIgniter\Database\BaseConnection->tableExists('migrations')
#6 F:\WEB\XAMPP\htdocs\wwegis\vendor\codeigniter4\framework\system\Database\MigrationRunner.php(167): CodeIgniter\Database\MigrationRunner->ensureTable()
#7 F:\WEB\XAMPP\htdocs\wwegis\vendor\codeigniter4\framework\system\Commands\Database\Migrate.php(84): CodeIgniter\Database\MigrationRunner->latest(NULL)
#8 F:\WEB\XAMPP\htdocs\wwegis\vendor\codeigniter4\framework\system\CLI\Commands.php(63): CodeIgniter\Commands\Database\Migrate->run(Array)
#9 F:\WEB\XAMPP\htdocs\wwegis\vendor\codeigniter4\framework\system\CLI\CommandRunner.php(65): CodeIgniter\CLI\Commands->run('migrate', Array)
#10 F:\WEB\XAMPP\htdocs\wwegis\vendor\codeigniter4\framework\system\CLI\CommandRunner.php(51): CodeIgniter\CLI\CommandRunner->index(Array)
#11 F:\WEB\XAMPP\htdocs\wwegis\vendor\codeigniter4\framework\system\CodeIgniter.php(920): CodeIgniter\CLI\CommandRunner->_remap('index', Array)
#12 F:\WEB\XAMPP\htdocs\wwegis\vendor\codeigniter4\framework\system\CodeIgniter.php(482): CodeIgniter\CodeIgniter->runController(Object(CodeIgniter\CLI\CommandRunner))
#13 F:\WEB\XAMPP\htdocs\wwegis\vendor\codeigniter4\framework\system\CodeIgniter.php(347): CodeIgniter\CodeIgniter->handleRequest(NULL, Object(Config\Cache), false)
#14 F:\WEB\XAMPP\htdocs\wwegis\vendor\codeigniter4\framework\system\CLI\Console.php(48): CodeIgniter\CodeIgniter->run()
#15 F:\WEB\XAMPP\htdocs\wwegis\spark(98): CodeIgniter\CLI\Console->run()
#16 {main}

Next CodeIgniter\Database\Exceptions\DatabaseException: Access denied for user ''@'localhost' (using password: NO) in F:\WEB\XAMPP\htdocs\wwegis\vendor\codeigniter4\framework\system\Database\MySQLi\Connection.php:215
Stack trace:
#0 F:\WEB\XAMPP\htdocs\wwegis\vendor\codeigniter4\framework\system\Database\BaseConnection.php(382): CodeIgniter\Database\MySQLi\Connection->connect(false)
#1 F:\WEB\XAMPP\htdocs\wwegis\vendor\codeigniter4\framework\system\Database\BaseConnection.php(561): CodeIgniter\Database\BaseConnection->initialize()
#2 F:\WEB\XAMPP\htdocs\wwegis\vendor\codeigniter4\framework\system\Database\BaseConnection.php(1360): CodeIgniter\Database\BaseConnection->query('SHOW TABLES FRO...')
#3 F:\WEB\XAMPP\htdocs\wwegis\vendor\codeigniter4\framework\system\Database\BaseConnection.php(1394): CodeIgniter\Database\BaseConnection->listTables()
#4 F:\WEB\XAMPP\htdocs\wwegis\vendor\codeigniter4\framework\system\Database\MigrationRunner.php(759): CodeIgniter\Database\BaseConnection->tableExists('migrations')
#5 F:\WEB\XAMPP\htdocs\wwegis\vendor\codeigniter4\framework\system\Database\MigrationRunner.php(167): CodeIgniter\Database\MigrationRunner->ensureTable()
#6 F:\WEB\XAMPP\htdocs\wwegis\vendor\codeigniter4\framework\system\Commands\Database\Migrate.php(84): CodeIgniter\Database\MigrationRunner->latest(NULL)
#7 F:\WEB\XAMPP\htdocs\wwegis\vendor\codeigniter4\framework\system\CLI\Commands.php(63): CodeIgniter\Commands\Database\Migrate->run(Array)
#8 F:\WEB\XAMPP\htdocs\wwegis\vendor\codeigniter4\framework\system\CLI\CommandRunner.php(65): CodeIgniter\CLI\Commands->run('migrate', Array)
#9 F:\WEB\XAMPP\htdocs\wwegis\vendor\codeigniter4\framework\system\CLI\CommandRunner.php(51): CodeIgniter\CLI\CommandRunner->index(Array)
#10 F:\WEB\XAMPP\htdocs\wwegis\vendor\codeigniter4\framework\system\CodeIgniter.php(920): CodeIgniter\CLI\CommandRunner->_remap('index', Array)
#11 F:\WEB\XAMPP\htdocs\wwegis\vendor\codeigniter4\framework\system\CodeIgniter.php(482): CodeIgniter\CodeIgniter->runController(Object(CodeIgniter\CLI\CommandRunner))
#12 F:\WEB\XAMPP\htdocs\wwegis\vendor\codeigniter4\framework\system\CodeIgniter.php(347): CodeIgniter\CodeIgniter->handleRequest(NULL, Object(Config\Cache), false)
#13 F:\WEB\XAMPP\htdocs\wwegis\vendor\codeigniter4\framework\system\CLI\Console.php(48): CodeIgniter\CodeIgniter->run()
#14 F:\WEB\XAMPP\htdocs\wwegis\spark(98): CodeIgniter\CLI\Console->run()
#15 {main}
ERROR - 2022-11-09 11:56:01 --> Error connecting to the database: mysqli_sql_exception: Access denied for user ''@'localhost' (using password: NO) in F:\WEB\XAMPP\htdocs\wwegis\vendor\codeigniter4\framework\system\Database\MySQLi\Connection.php:171
Stack trace:
#0 F:\WEB\XAMPP\htdocs\wwegis\vendor\codeigniter4\framework\system\Database\MySQLi\Connection.php(171): mysqli->real_connect('localhost', '', '', '', 3306, '', 0)
#1 F:\WEB\XAMPP\htdocs\wwegis\vendor\codeigniter4\framework\system\Database\BaseConnection.php(382): CodeIgniter\Database\MySQLi\Connection->connect(false)
#2 F:\WEB\XAMPP\htdocs\wwegis\vendor\codeigniter4\framework\system\Database\BaseConnection.php(561): CodeIgniter\Database\BaseConnection->initialize()
#3 F:\WEB\XAMPP\htdocs\wwegis\vendor\codeigniter4\framework\system\Database\BaseConnection.php(1360): CodeIgniter\Database\BaseConnection->query('SHOW TABLES FRO...')
#4 F:\WEB\XAMPP\htdocs\wwegis\vendor\codeigniter4\framework\system\Database\BaseConnection.php(1394): CodeIgniter\Database\BaseConnection->listTables()
#5 F:\WEB\XAMPP\htdocs\wwegis\vendor\codeigniter4\framework\system\Database\MigrationRunner.php(759): CodeIgniter\Database\BaseConnection->tableExists('migrations')
#6 F:\WEB\XAMPP\htdocs\wwegis\vendor\codeigniter4\framework\system\Database\MigrationRunner.php(167): CodeIgniter\Database\MigrationRunner->ensureTable()
#7 F:\WEB\XAMPP\htdocs\wwegis\vendor\codeigniter4\framework\system\Commands\Database\Migrate.php(84): CodeIgniter\Database\MigrationRunner->latest(NULL)
#8 F:\WEB\XAMPP\htdocs\wwegis\vendor\codeigniter4\framework\system\CLI\Commands.php(63): CodeIgniter\Commands\Database\Migrate->run(Array)
#9 F:\WEB\XAMPP\htdocs\wwegis\vendor\codeigniter4\framework\system\CLI\CommandRunner.php(65): CodeIgniter\CLI\Commands->run('migrate', Array)
#10 F:\WEB\XAMPP\htdocs\wwegis\vendor\codeigniter4\framework\system\CLI\CommandRunner.php(51): CodeIgniter\CLI\CommandRunner->index(Array)
#11 F:\WEB\XAMPP\htdocs\wwegis\vendor\codeigniter4\framework\system\CodeIgniter.php(920): CodeIgniter\CLI\CommandRunner->_remap('index', Array)
#12 F:\WEB\XAMPP\htdocs\wwegis\vendor\codeigniter4\framework\system\CodeIgniter.php(482): CodeIgniter\CodeIgniter->runController(Object(CodeIgniter\CLI\CommandRunner))
#13 F:\WEB\XAMPP\htdocs\wwegis\vendor\codeigniter4\framework\system\CodeIgniter.php(347): CodeIgniter\CodeIgniter->handleRequest(NULL, Object(Config\Cache), false)
#14 F:\WEB\XAMPP\htdocs\wwegis\vendor\codeigniter4\framework\system\CLI\Console.php(48): CodeIgniter\CodeIgniter->run()
#15 F:\WEB\XAMPP\htdocs\wwegis\spark(98): CodeIgniter\CLI\Console->run()
#16 {main}

Next CodeIgniter\Database\Exceptions\DatabaseException: Access denied for user ''@'localhost' (using password: NO) in F:\WEB\XAMPP\htdocs\wwegis\vendor\codeigniter4\framework\system\Database\MySQLi\Connection.php:215
Stack trace:
#0 F:\WEB\XAMPP\htdocs\wwegis\vendor\codeigniter4\framework\system\Database\BaseConnection.php(382): CodeIgniter\Database\MySQLi\Connection->connect(false)
#1 F:\WEB\XAMPP\htdocs\wwegis\vendor\codeigniter4\framework\system\Database\BaseConnection.php(561): CodeIgniter\Database\BaseConnection->initialize()
#2 F:\WEB\XAMPP\htdocs\wwegis\vendor\codeigniter4\framework\system\Database\BaseConnection.php(1360): CodeIgniter\Database\BaseConnection->query('SHOW TABLES FRO...')
#3 F:\WEB\XAMPP\htdocs\wwegis\vendor\codeigniter4\framework\system\Database\BaseConnection.php(1394): CodeIgniter\Database\BaseConnection->listTables()
#4 F:\WEB\XAMPP\htdocs\wwegis\vendor\codeigniter4\framework\system\Database\MigrationRunner.php(759): CodeIgniter\Database\BaseConnection->tableExists('migrations')
#5 F:\WEB\XAMPP\htdocs\wwegis\vendor\codeigniter4\framework\system\Database\MigrationRunner.php(167): CodeIgniter\Database\MigrationRunner->ensureTable()
#6 F:\WEB\XAMPP\htdocs\wwegis\vendor\codeigniter4\framework\system\Commands\Database\Migrate.php(84): CodeIgniter\Database\MigrationRunner->latest(NULL)
#7 F:\WEB\XAMPP\htdocs\wwegis\vendor\codeigniter4\framework\system\CLI\Commands.php(63): CodeIgniter\Commands\Database\Migrate->run(Array)
#8 F:\WEB\XAMPP\htdocs\wwegis\vendor\codeigniter4\framework\system\CLI\CommandRunner.php(65): CodeIgniter\CLI\Commands->run('migrate', Array)
#9 F:\WEB\XAMPP\htdocs\wwegis\vendor\codeigniter4\framework\system\CLI\CommandRunner.php(51): CodeIgniter\CLI\CommandRunner->index(Array)
#10 F:\WEB\XAMPP\htdocs\wwegis\vendor\codeigniter4\framework\system\CodeIgniter.php(920): CodeIgniter\CLI\CommandRunner->_remap('index', Array)
#11 F:\WEB\XAMPP\htdocs\wwegis\vendor\codeigniter4\framework\system\CodeIgniter.php(482): CodeIgniter\CodeIgniter->runController(Object(CodeIgniter\CLI\CommandRunner))
#12 F:\WEB\XAMPP\htdocs\wwegis\vendor\codeigniter4\framework\system\CodeIgniter.php(347): CodeIgniter\CodeIgniter->handleRequest(NULL, Object(Config\Cache), false)
#13 F:\WEB\XAMPP\htdocs\wwegis\vendor\codeigniter4\framework\system\CLI\Console.php(48): CodeIgniter\CodeIgniter->run()
#14 F:\WEB\XAMPP\htdocs\wwegis\spark(98): CodeIgniter\CLI\Console->run()
#15 {main}
ERROR - 2022-11-09 12:10:47 --> Email: sendWithMail throwed ErrorException: mail(): Failed to connect to mailserver at &quot;localhost&quot; port 25, verify your &quot;SMTP&quot; and &quot;smtp_port&quot; setting in php.ini or use ini_set() in F:\WEB\XAMPP\htdocs\wwegis\vendor\codeigniter4\framework\system\Email\Email.php:1725
Stack trace:
#0 [internal function]: CodeIgniter\Debug\Exceptions->errorHandler(2, 'mail(): Failed ...', 'F:\\WEB\\XAMPP\\ht...', 1725)
#1 F:\WEB\XAMPP\htdocs\wwegis\vendor\codeigniter4\framework\system\Email\Email.php(1725): mail('treyl7358@stude...', '=?UTF-8?Q?Activ...', 'This is a multi...', 'Date: Wed, 9 No...')
#2 F:\WEB\XAMPP\htdocs\wwegis\vendor\codeigniter4\framework\system\Email\Email.php(1662): CodeIgniter\Email\Email->sendWithMail()
#3 F:\WEB\XAMPP\htdocs\wwegis\vendor\codeigniter4\framework\system\Email\Email.php(1560): CodeIgniter\Email\Email->spoolEmail()
#4 F:\WEB\XAMPP\htdocs\wwegis\vendor\myth\auth\src\Authentication\Activators\EmailActivator.php(32): CodeIgniter\Email\Email->send()
#5 F:\WEB\XAMPP\htdocs\wwegis\vendor\myth\auth\src\Controllers\AuthController.php(185): Myth\Auth\Authentication\Activators\EmailActivator->send(Object(Myth\Auth\Entities\User))
#6 F:\WEB\XAMPP\htdocs\wwegis\vendor\codeigniter4\framework\system\CodeIgniter.php(927): Myth\Auth\Controllers\AuthController->attemptRegister()
#7 F:\WEB\XAMPP\htdocs\wwegis\vendor\codeigniter4\framework\system\CodeIgniter.php(482): CodeIgniter\CodeIgniter->runController(Object(Myth\Auth\Controllers\AuthController))
#8 F:\WEB\XAMPP\htdocs\wwegis\vendor\codeigniter4\framework\system\CodeIgniter.php(351): CodeIgniter\CodeIgniter->handleRequest(NULL, Object(Config\Cache), false)
#9 F:\WEB\XAMPP\htdocs\wwegis\public\index.php(67): CodeIgniter\CodeIgniter->run()
#10 F:\WEB\XAMPP\htdocs\wwegis\vendor\codeigniter4\framework\system\Commands\Server\rewrite.php(46): require_once('F:\\WEB\\XAMPP\\ht...')
#11 {main}
ERROR - 2022-11-09 12:10:47 --> Email: Unable to send email using PHP mail(). Your server might not be configured to send mail using this method.
ERROR - 2022-11-09 12:10:47 --> 
