CRITICAL - 2022-11-10 11:31:55 --> Undefined variable $user
in APPPATH\Views\page\myProfile.php on line 27.
 1 APPPATH\Views\page\myProfile.php(27): CodeIgniter\Debug\Exceptions->errorHandler(2, 'Undefined variable $user', 'APPPATH\\Views\\page\\myProfile.php', 27)
 2 SYSTEMPATH\View\View.php(213): include('APPPATH\\Views\\page\\myProfile.php')
 3 SYSTEMPATH\View\View.php(216): CodeIgniter\View\View->CodeIgniter\View\{closure}()
 4 SYSTEMPATH\Common.php(1134): CodeIgniter\View\View->render('page/myProfile', [], true)
 5 APPPATH\Controllers\User.php(13): view('page/myProfile', [...])
 6 SYSTEMPATH\CodeIgniter.php(927): App\Controllers\User->index()
 7 SYSTEMPATH\CodeIgniter.php(482): CodeIgniter\CodeIgniter->runController(Object(App\Controllers\User))
 8 SYSTEMPATH\CodeIgniter.php(351): CodeIgniter\CodeIgniter->handleRequest(null, Object(Config\Cache), false)
 9 FCPATH\index.php(67): CodeIgniter\CodeIgniter->run()
10 SYSTEMPATH\Commands\Server\rewrite.php(46): require_once('FCPATH\\index.php')
CRITICAL - 2022-11-10 11:32:19 --> Undefined variable $user
in APPPATH\Views\page\myProfile.php on line 27.
 1 APPPATH\Views\page\myProfile.php(27): CodeIgniter\Debug\Exceptions->errorHandler(2, 'Undefined variable $user', 'APPPATH\\Views\\page\\myProfile.php', 27)
 2 SYSTEMPATH\View\View.php(213): include('APPPATH\\Views\\page\\myProfile.php')
 3 SYSTEMPATH\View\View.php(216): CodeIgniter\View\View->CodeIgniter\View\{closure}()
 4 SYSTEMPATH\Common.php(1134): CodeIgniter\View\View->render('page/myProfile', [], true)
 5 APPPATH\Controllers\User.php(20): view('page/myProfile', [...])
 6 SYSTEMPATH\CodeIgniter.php(927): App\Controllers\User->index()
 7 SYSTEMPATH\CodeIgniter.php(482): CodeIgniter\CodeIgniter->runController(Object(App\Controllers\User))
 8 SYSTEMPATH\CodeIgniter.php(351): CodeIgniter\CodeIgniter->handleRequest(null, Object(Config\Cache), false)
 9 FCPATH\index.php(67): CodeIgniter\CodeIgniter->run()
10 SYSTEMPATH\Commands\Server\rewrite.php(46): require_once('FCPATH\\index.php')
CRITICAL - 2022-11-10 11:33:59 --> Undefined variable $user
in APPPATH\Views\page\myProfile.php on line 27.
 1 APPPATH\Views\page\myProfile.php(27): CodeIgniter\Debug\Exceptions->errorHandler(2, 'Undefined variable $user', 'APPPATH\\Views\\page\\myProfile.php', 27)
 2 SYSTEMPATH\View\View.php(213): include('APPPATH\\Views\\page\\myProfile.php')
 3 SYSTEMPATH\View\View.php(216): CodeIgniter\View\View->CodeIgniter\View\{closure}()
 4 SYSTEMPATH\Common.php(1134): CodeIgniter\View\View->render('page/myProfile', [], true)
 5 APPPATH\Controllers\User.php(20): view('page/myProfile', [...])
 6 SYSTEMPATH\CodeIgniter.php(927): App\Controllers\User->index()
 7 SYSTEMPATH\CodeIgniter.php(482): CodeIgniter\CodeIgniter->runController(Object(App\Controllers\User))
 8 SYSTEMPATH\CodeIgniter.php(351): CodeIgniter\CodeIgniter->handleRequest(null, Object(Config\Cache), false)
 9 FCPATH\index.php(67): CodeIgniter\CodeIgniter->run()
10 SYSTEMPATH\Commands\Server\rewrite.php(46): require_once('FCPATH\\index.php')
CRITICAL - 2022-11-10 11:34:43 --> Undefined variable $user
in APPPATH\Views\page\myProfile.php on line 27.
 1 APPPATH\Views\page\myProfile.php(27): CodeIgniter\Debug\Exceptions->errorHandler(2, 'Undefined variable $user', 'APPPATH\\Views\\page\\myProfile.php', 27)
 2 SYSTEMPATH\View\View.php(213): include('APPPATH\\Views\\page\\myProfile.php')
 3 SYSTEMPATH\View\View.php(216): CodeIgniter\View\View->CodeIgniter\View\{closure}()
 4 SYSTEMPATH\Common.php(1134): CodeIgniter\View\View->render('page/myProfile', [], true)
 5 APPPATH\Controllers\User.php(20): view('page/myProfile', [...])
 6 SYSTEMPATH\CodeIgniter.php(927): App\Controllers\User->index()
 7 SYSTEMPATH\CodeIgniter.php(482): CodeIgniter\CodeIgniter->runController(Object(App\Controllers\User))
 8 SYSTEMPATH\CodeIgniter.php(351): CodeIgniter\CodeIgniter->handleRequest(null, Object(Config\Cache), false)
 9 FCPATH\index.php(67): CodeIgniter\CodeIgniter->run()
10 SYSTEMPATH\Commands\Server\rewrite.php(46): require_once('FCPATH\\index.php')
CRITICAL - 2022-11-10 11:36:11 --> Undefined variable $user
in APPPATH\Views\page\myProfile.php on line 27.
 1 APPPATH\Views\page\myProfile.php(27): CodeIgniter\Debug\Exceptions->errorHandler(2, 'Undefined variable $user', 'APPPATH\\Views\\page\\myProfile.php', 27)
 2 SYSTEMPATH\View\View.php(213): include('APPPATH\\Views\\page\\myProfile.php')
 3 SYSTEMPATH\View\View.php(216): CodeIgniter\View\View->CodeIgniter\View\{closure}()
 4 SYSTEMPATH\Common.php(1134): CodeIgniter\View\View->render('page/myProfile', [], true)
 5 APPPATH\Controllers\User.php(20): view('page/myProfile', [...])
 6 SYSTEMPATH\CodeIgniter.php(927): App\Controllers\User->index()
 7 SYSTEMPATH\CodeIgniter.php(482): CodeIgniter\CodeIgniter->runController(Object(App\Controllers\User))
 8 SYSTEMPATH\CodeIgniter.php(351): CodeIgniter\CodeIgniter->handleRequest(null, Object(Config\Cache), false)
 9 FCPATH\index.php(67): CodeIgniter\CodeIgniter->run()
10 SYSTEMPATH\Commands\Server\rewrite.php(46): require_once('FCPATH\\index.php')
CRITICAL - 2022-11-10 11:36:53 --> Undefined variable $user
in APPPATH\Views\page\myProfile.php on line 27.
 1 APPPATH\Views\page\myProfile.php(27): CodeIgniter\Debug\Exceptions->errorHandler(2, 'Undefined variable $user', 'APPPATH\\Views\\page\\myProfile.php', 27)
 2 SYSTEMPATH\View\View.php(213): include('APPPATH\\Views\\page\\myProfile.php')
 3 SYSTEMPATH\View\View.php(216): CodeIgniter\View\View->CodeIgniter\View\{closure}()
 4 SYSTEMPATH\Common.php(1134): CodeIgniter\View\View->render('page/myProfile', [], true)
 5 APPPATH\Controllers\User.php(20): view('page/myProfile', [...])
 6 SYSTEMPATH\CodeIgniter.php(927): App\Controllers\User->index()
 7 SYSTEMPATH\CodeIgniter.php(482): CodeIgniter\CodeIgniter->runController(Object(App\Controllers\User))
 8 SYSTEMPATH\CodeIgniter.php(351): CodeIgniter\CodeIgniter->handleRequest(null, Object(Config\Cache), false)
 9 FCPATH\index.php(67): CodeIgniter\CodeIgniter->run()
10 SYSTEMPATH\Commands\Server\rewrite.php(46): require_once('FCPATH\\index.php')
CRITICAL - 2022-11-10 11:36:59 --> Undefined variable $user
in APPPATH\Views\page\myProfile.php on line 27.
 1 APPPATH\Views\page\myProfile.php(27): CodeIgniter\Debug\Exceptions->errorHandler(2, 'Undefined variable $user', 'APPPATH\\Views\\page\\myProfile.php', 27)
 2 SYSTEMPATH\View\View.php(213): include('APPPATH\\Views\\page\\myProfile.php')
 3 SYSTEMPATH\View\View.php(216): CodeIgniter\View\View->CodeIgniter\View\{closure}()
 4 SYSTEMPATH\Common.php(1134): CodeIgniter\View\View->render('page/myProfile', [], true)
 5 APPPATH\Controllers\User.php(20): view('page/myProfile', [...])
 6 SYSTEMPATH\CodeIgniter.php(927): App\Controllers\User->index()
 7 SYSTEMPATH\CodeIgniter.php(482): CodeIgniter\CodeIgniter->runController(Object(App\Controllers\User))
 8 SYSTEMPATH\CodeIgniter.php(351): CodeIgniter\CodeIgniter->handleRequest(null, Object(Config\Cache), false)
 9 FCPATH\index.php(67): CodeIgniter\CodeIgniter->run()
10 SYSTEMPATH\Commands\Server\rewrite.php(46): require_once('FCPATH\\index.php')
CRITICAL - 2022-11-10 11:38:34 --> Undefined variable $user
in APPPATH\Views\page\myProfile.php on line 27.
 1 APPPATH\Views\page\myProfile.php(27): CodeIgniter\Debug\Exceptions->errorHandler(2, 'Undefined variable $user', 'APPPATH\\Views\\page\\myProfile.php', 27)
 2 SYSTEMPATH\View\View.php(213): include('APPPATH\\Views\\page\\myProfile.php')
 3 SYSTEMPATH\View\View.php(216): CodeIgniter\View\View->CodeIgniter\View\{closure}()
 4 SYSTEMPATH\Common.php(1134): CodeIgniter\View\View->render('page/myProfile', [], true)
 5 APPPATH\Controllers\User.php(20): view('page/myProfile', [...])
 6 SYSTEMPATH\CodeIgniter.php(927): App\Controllers\User->index()
 7 SYSTEMPATH\CodeIgniter.php(482): CodeIgniter\CodeIgniter->runController(Object(App\Controllers\User))
 8 SYSTEMPATH\CodeIgniter.php(351): CodeIgniter\CodeIgniter->handleRequest(null, Object(Config\Cache), false)
 9 FCPATH\index.php(67): CodeIgniter\CodeIgniter->run()
10 SYSTEMPATH\Commands\Server\rewrite.php(46): require_once('FCPATH\\index.php')
CRITICAL - 2022-11-10 11:39:33 --> Undefined variable $user
in APPPATH\Views\page\myProfile.php on line 27.
 1 APPPATH\Views\page\myProfile.php(27): CodeIgniter\Debug\Exceptions->errorHandler(2, 'Undefined variable $user', 'APPPATH\\Views\\page\\myProfile.php', 27)
 2 SYSTEMPATH\View\View.php(213): include('APPPATH\\Views\\page\\myProfile.php')
 3 SYSTEMPATH\View\View.php(216): CodeIgniter\View\View->CodeIgniter\View\{closure}()
 4 SYSTEMPATH\Common.php(1134): CodeIgniter\View\View->render('page/myProfile', [], true)
 5 APPPATH\Controllers\User.php(20): view('page/myProfile', [...])
 6 SYSTEMPATH\CodeIgniter.php(927): App\Controllers\User->index()
 7 SYSTEMPATH\CodeIgniter.php(482): CodeIgniter\CodeIgniter->runController(Object(App\Controllers\User))
 8 SYSTEMPATH\CodeIgniter.php(351): CodeIgniter\CodeIgniter->handleRequest(null, Object(Config\Cache), false)
 9 FCPATH\index.php(67): CodeIgniter\CodeIgniter->run()
10 SYSTEMPATH\Commands\Server\rewrite.php(46): require_once('FCPATH\\index.php')
CRITICAL - 2022-11-10 11:41:07 --> Undefined variable $user
in APPPATH\Views\page\myProfile.php on line 27.
 1 APPPATH\Views\page\myProfile.php(27): CodeIgniter\Debug\Exceptions->errorHandler(2, 'Undefined variable $user', 'APPPATH\\Views\\page\\myProfile.php', 27)
 2 SYSTEMPATH\View\View.php(213): include('APPPATH\\Views\\page\\myProfile.php')
 3 SYSTEMPATH\View\View.php(216): CodeIgniter\View\View->CodeIgniter\View\{closure}()
 4 SYSTEMPATH\Common.php(1134): CodeIgniter\View\View->render('page/myProfile', [], true)
 5 APPPATH\Controllers\User.php(20): view('page/myProfile', [...])
 6 SYSTEMPATH\CodeIgniter.php(927): App\Controllers\User->index()
 7 SYSTEMPATH\CodeIgniter.php(482): CodeIgniter\CodeIgniter->runController(Object(App\Controllers\User))
 8 SYSTEMPATH\CodeIgniter.php(351): CodeIgniter\CodeIgniter->handleRequest(null, Object(Config\Cache), false)
 9 FCPATH\index.php(67): CodeIgniter\CodeIgniter->run()
10 SYSTEMPATH\Commands\Server\rewrite.php(46): require_once('FCPATH\\index.php')
CRITICAL - 2022-11-10 11:41:08 --> Undefined variable $user
in APPPATH\Views\page\myProfile.php on line 27.
 1 APPPATH\Views\page\myProfile.php(27): CodeIgniter\Debug\Exceptions->errorHandler(2, 'Undefined variable $user', 'APPPATH\\Views\\page\\myProfile.php', 27)
 2 SYSTEMPATH\View\View.php(213): include('APPPATH\\Views\\page\\myProfile.php')
 3 SYSTEMPATH\View\View.php(216): CodeIgniter\View\View->CodeIgniter\View\{closure}()
 4 SYSTEMPATH\Common.php(1134): CodeIgniter\View\View->render('page/myProfile', [], true)
 5 APPPATH\Controllers\User.php(20): view('page/myProfile', [...])
 6 SYSTEMPATH\CodeIgniter.php(927): App\Controllers\User->index()
 7 SYSTEMPATH\CodeIgniter.php(482): CodeIgniter\CodeIgniter->runController(Object(App\Controllers\User))
 8 SYSTEMPATH\CodeIgniter.php(351): CodeIgniter\CodeIgniter->handleRequest(null, Object(Config\Cache), false)
 9 FCPATH\index.php(67): CodeIgniter\CodeIgniter->run()
10 SYSTEMPATH\Commands\Server\rewrite.php(46): require_once('FCPATH\\index.php')
CRITICAL - 2022-11-10 11:41:29 --> Undefined variable $user
in APPPATH\Views\page\myProfile.php on line 27.
 1 APPPATH\Views\page\myProfile.php(27): CodeIgniter\Debug\Exceptions->errorHandler(2, 'Undefined variable $user', 'APPPATH\\Views\\page\\myProfile.php', 27)
 2 SYSTEMPATH\View\View.php(213): include('APPPATH\\Views\\page\\myProfile.php')
 3 SYSTEMPATH\View\View.php(216): CodeIgniter\View\View->CodeIgniter\View\{closure}()
 4 SYSTEMPATH\Common.php(1134): CodeIgniter\View\View->render('page/myProfile', [], true)
 5 APPPATH\Controllers\User.php(20): view('page/myProfile', [...])
 6 SYSTEMPATH\CodeIgniter.php(927): App\Controllers\User->index()
 7 SYSTEMPATH\CodeIgniter.php(482): CodeIgniter\CodeIgniter->runController(Object(App\Controllers\User))
 8 SYSTEMPATH\CodeIgniter.php(351): CodeIgniter\CodeIgniter->handleRequest(null, Object(Config\Cache), false)
 9 FCPATH\index.php(67): CodeIgniter\CodeIgniter->run()
10 SYSTEMPATH\Commands\Server\rewrite.php(46): require_once('FCPATH\\index.php')
CRITICAL - 2022-11-10 11:41:34 --> Attempt to assign property "name" on null
in APPPATH\Views\page\myProfile.php on line 27.
 1 SYSTEMPATH\View\View.php(213): include()
 2 SYSTEMPATH\View\View.php(216): CodeIgniter\View\View->CodeIgniter\View\{closure}()
 3 SYSTEMPATH\Common.php(1134): CodeIgniter\View\View->render('page/myProfile', [], true)
 4 APPPATH\Controllers\User.php(20): view('page/myProfile', [...])
 5 SYSTEMPATH\CodeIgniter.php(927): App\Controllers\User->index()
 6 SYSTEMPATH\CodeIgniter.php(482): CodeIgniter\CodeIgniter->runController(Object(App\Controllers\User))
 7 SYSTEMPATH\CodeIgniter.php(351): CodeIgniter\CodeIgniter->handleRequest(null, Object(Config\Cache), false)
 8 FCPATH\index.php(67): CodeIgniter\CodeIgniter->run()
 9 SYSTEMPATH\Commands\Server\rewrite.php(46): require_once('FCPATH\\index.php')
CRITICAL - 2022-11-10 11:56:32 --> Undefined variable $user
in APPPATH\Views\_Layout\_template\_admin\header.php on line 182.
 1 APPPATH\Views\_Layout\_template\_admin\header.php(182): CodeIgniter\Debug\Exceptions->errorHandler(2, 'Undefined variable $user', 'APPPATH\\Views\\_Layout\\_template\\_admin\\header.php', 182)
 2 SYSTEMPATH\View\View.php(213): include('APPPATH\\Views\\_Layout\\_template\\_admin\\header.php')
 3 SYSTEMPATH\View\View.php(216): CodeIgniter\View\View->CodeIgniter\View\{closure}()
 4 SYSTEMPATH\View\View.php(431): CodeIgniter\View\View->render('_Layout/_template/_Admin/header', null, true)
 5 APPPATH\Views\_Layout\_template\_admin\templateAdmin.php(38): CodeIgniter\View\View->include('_Layout/_template/_Admin/header')
 6 SYSTEMPATH\View\View.php(213): include('APPPATH\\Views\\_Layout\\_template\\_admin\\templateAdmin.php')
 7 SYSTEMPATH\View\View.php(216): CodeIgniter\View\View->CodeIgniter\View\{closure}()
 8 SYSTEMPATH\View\View.php(229): CodeIgniter\View\View->render('_Layout/_template/_admin/templateAdmin', [], true)
 9 SYSTEMPATH\Common.php(1134): CodeIgniter\View\View->render('page/myProfile', [], true)
10 APPPATH\Controllers\User.php(20): view('page/myProfile', [...])
11 SYSTEMPATH\CodeIgniter.php(927): App\Controllers\User->myProfile()
12 SYSTEMPATH\CodeIgniter.php(482): CodeIgniter\CodeIgniter->runController(Object(App\Controllers\User))
13 SYSTEMPATH\CodeIgniter.php(351): CodeIgniter\CodeIgniter->handleRequest(null, Object(Config\Cache), false)
14 FCPATH\index.php(67): CodeIgniter\CodeIgniter->run()
15 SYSTEMPATH\Commands\Server\rewrite.php(46): require_once('FCPATH\\index.php')
CRITICAL - 2022-11-10 11:56:51 --> Undefined variable $user
in APPPATH\Views\_Layout\_template\_admin\header.php on line 182.
 1 APPPATH\Views\_Layout\_template\_admin\header.php(182): CodeIgniter\Debug\Exceptions->errorHandler(2, 'Undefined variable $user', 'APPPATH\\Views\\_Layout\\_template\\_admin\\header.php', 182)
 2 SYSTEMPATH\View\View.php(213): include('APPPATH\\Views\\_Layout\\_template\\_admin\\header.php')
 3 SYSTEMPATH\View\View.php(216): CodeIgniter\View\View->CodeIgniter\View\{closure}()
 4 SYSTEMPATH\View\View.php(431): CodeIgniter\View\View->render('_Layout/_template/_Admin/header', null, true)
 5 APPPATH\Views\_Layout\_template\_admin\templateAdmin.php(38): CodeIgniter\View\View->include('_Layout/_template/_Admin/header')
 6 SYSTEMPATH\View\View.php(213): include('APPPATH\\Views\\_Layout\\_template\\_admin\\templateAdmin.php')
 7 SYSTEMPATH\View\View.php(216): CodeIgniter\View\View->CodeIgniter\View\{closure}()
 8 SYSTEMPATH\View\View.php(229): CodeIgniter\View\View->render('_Layout/_template/_admin/templateAdmin', [], true)
 9 SYSTEMPATH\Common.php(1134): CodeIgniter\View\View->render('admin/tambahData', [], true)
10 APPPATH\Controllers\Admin.php(13): view('admin/tambahData', [...])
11 SYSTEMPATH\CodeIgniter.php(927): App\Controllers\Admin->index()
12 SYSTEMPATH\CodeIgniter.php(482): CodeIgniter\CodeIgniter->runController(Object(App\Controllers\Admin))
13 SYSTEMPATH\CodeIgniter.php(351): CodeIgniter\CodeIgniter->handleRequest(null, Object(Config\Cache), false)
14 FCPATH\index.php(67): CodeIgniter\CodeIgniter->run()
15 SYSTEMPATH\Commands\Server\rewrite.php(46): require_once('FCPATH\\index.php')
CRITICAL - 2022-11-10 11:56:54 --> Undefined variable $user
in APPPATH\Views\_Layout\_template\_admin\header.php on line 182.
 1 APPPATH\Views\_Layout\_template\_admin\header.php(182): CodeIgniter\Debug\Exceptions->errorHandler(2, 'Undefined variable $user', 'APPPATH\\Views\\_Layout\\_template\\_admin\\header.php', 182)
 2 SYSTEMPATH\View\View.php(213): include('APPPATH\\Views\\_Layout\\_template\\_admin\\header.php')
 3 SYSTEMPATH\View\View.php(216): CodeIgniter\View\View->CodeIgniter\View\{closure}()
 4 SYSTEMPATH\View\View.php(431): CodeIgniter\View\View->render('_Layout/_template/_Admin/header', null, true)
 5 APPPATH\Views\_Layout\_template\_admin\templateAdmin.php(38): CodeIgniter\View\View->include('_Layout/_template/_Admin/header')
 6 SYSTEMPATH\View\View.php(213): include('APPPATH\\Views\\_Layout\\_template\\_admin\\templateAdmin.php')
 7 SYSTEMPATH\View\View.php(216): CodeIgniter\View\View->CodeIgniter\View\{closure}()
 8 SYSTEMPATH\View\View.php(229): CodeIgniter\View\View->render('_Layout/_template/_admin/templateAdmin', [], true)
 9 SYSTEMPATH\Common.php(1134): CodeIgniter\View\View->render('page/myProfile', [], true)
10 APPPATH\Controllers\User.php(20): view('page/myProfile', [...])
11 SYSTEMPATH\CodeIgniter.php(927): App\Controllers\User->myProfile()
12 SYSTEMPATH\CodeIgniter.php(482): CodeIgniter\CodeIgniter->runController(Object(App\Controllers\User))
13 SYSTEMPATH\CodeIgniter.php(351): CodeIgniter\CodeIgniter->handleRequest(null, Object(Config\Cache), false)
14 FCPATH\index.php(67): CodeIgniter\CodeIgniter->run()
15 SYSTEMPATH\Commands\Server\rewrite.php(46): require_once('FCPATH\\index.php')
CRITICAL - 2022-11-10 11:56:55 --> Undefined variable $user
in APPPATH\Views\_Layout\_template\_admin\header.php on line 182.
 1 APPPATH\Views\_Layout\_template\_admin\header.php(182): CodeIgniter\Debug\Exceptions->errorHandler(2, 'Undefined variable $user', 'APPPATH\\Views\\_Layout\\_template\\_admin\\header.php', 182)
 2 SYSTEMPATH\View\View.php(213): include('APPPATH\\Views\\_Layout\\_template\\_admin\\header.php')
 3 SYSTEMPATH\View\View.php(216): CodeIgniter\View\View->CodeIgniter\View\{closure}()
 4 SYSTEMPATH\View\View.php(431): CodeIgniter\View\View->render('_Layout/_template/_Admin/header', null, true)
 5 APPPATH\Views\_Layout\_template\_admin\templateAdmin.php(38): CodeIgniter\View\View->include('_Layout/_template/_Admin/header')
 6 SYSTEMPATH\View\View.php(213): include('APPPATH\\Views\\_Layout\\_template\\_admin\\templateAdmin.php')
 7 SYSTEMPATH\View\View.php(216): CodeIgniter\View\View->CodeIgniter\View\{closure}()
 8 SYSTEMPATH\View\View.php(229): CodeIgniter\View\View->render('_Layout/_template/_admin/templateAdmin', [], true)
 9 SYSTEMPATH\Common.php(1134): CodeIgniter\View\View->render('page/myProfile', [], true)
10 APPPATH\Controllers\User.php(20): view('page/myProfile', [...])
11 SYSTEMPATH\CodeIgniter.php(927): App\Controllers\User->myProfile()
12 SYSTEMPATH\CodeIgniter.php(482): CodeIgniter\CodeIgniter->runController(Object(App\Controllers\User))
13 SYSTEMPATH\CodeIgniter.php(351): CodeIgniter\CodeIgniter->handleRequest(null, Object(Config\Cache), false)
14 FCPATH\index.php(67): CodeIgniter\CodeIgniter->run()
15 SYSTEMPATH\Commands\Server\rewrite.php(46): require_once('FCPATH\\index.php')
CRITICAL - 2022-11-10 12:00:56 --> Undefined variable $user
in APPPATH\Views\page\myProfile.php on line 30.
 1 APPPATH\Views\page\myProfile.php(30): CodeIgniter\Debug\Exceptions->errorHandler(2, 'Undefined variable $user', 'APPPATH\\Views\\page\\myProfile.php', 30)
 2 SYSTEMPATH\View\View.php(213): include('APPPATH\\Views\\page\\myProfile.php')
 3 SYSTEMPATH\View\View.php(216): CodeIgniter\View\View->CodeIgniter\View\{closure}()
 4 SYSTEMPATH\Common.php(1134): CodeIgniter\View\View->render('page/myProfile', [], true)
 5 APPPATH\Controllers\User.php(20): view('page/myProfile', [...])
 6 SYSTEMPATH\CodeIgniter.php(927): App\Controllers\User->myProfile()
 7 SYSTEMPATH\CodeIgniter.php(482): CodeIgniter\CodeIgniter->runController(Object(App\Controllers\User))
 8 SYSTEMPATH\CodeIgniter.php(351): CodeIgniter\CodeIgniter->handleRequest(null, Object(Config\Cache), false)
 9 FCPATH\index.php(67): CodeIgniter\CodeIgniter->run()
10 SYSTEMPATH\Commands\Server\rewrite.php(46): require_once('FCPATH\\index.php')
CRITICAL - 2022-11-10 12:01:06 --> Undefined variable $user
in APPPATH\Views\page\myProfile.php on line 30.
 1 APPPATH\Views\page\myProfile.php(30): CodeIgniter\Debug\Exceptions->errorHandler(2, 'Undefined variable $user', 'APPPATH\\Views\\page\\myProfile.php', 30)
 2 SYSTEMPATH\View\View.php(213): include('APPPATH\\Views\\page\\myProfile.php')
 3 SYSTEMPATH\View\View.php(216): CodeIgniter\View\View->CodeIgniter\View\{closure}()
 4 SYSTEMPATH\Common.php(1134): CodeIgniter\View\View->render('page/myProfile', [], true)
 5 APPPATH\Controllers\User.php(20): view('page/myProfile', [...])
 6 SYSTEMPATH\CodeIgniter.php(927): App\Controllers\User->myProfile()
 7 SYSTEMPATH\CodeIgniter.php(482): CodeIgniter\CodeIgniter->runController(Object(App\Controllers\User))
 8 SYSTEMPATH\CodeIgniter.php(351): CodeIgniter\CodeIgniter->handleRequest(null, Object(Config\Cache), false)
 9 FCPATH\index.php(67): CodeIgniter\CodeIgniter->run()
10 SYSTEMPATH\Commands\Server\rewrite.php(46): require_once('FCPATH\\index.php')
CRITICAL - 2022-11-10 12:01:27 --> Undefined variable $user
in APPPATH\Views\page\myProfile.php on line 30.
 1 APPPATH\Views\page\myProfile.php(30): CodeIgniter\Debug\Exceptions->errorHandler(2, 'Undefined variable $user', 'APPPATH\\Views\\page\\myProfile.php', 30)
 2 SYSTEMPATH\View\View.php(213): include('APPPATH\\Views\\page\\myProfile.php')
 3 SYSTEMPATH\View\View.php(216): CodeIgniter\View\View->CodeIgniter\View\{closure}()
 4 SYSTEMPATH\Common.php(1134): CodeIgniter\View\View->render('page/myProfile', [], true)
 5 APPPATH\Controllers\User.php(20): view('page/myProfile', [...])
 6 SYSTEMPATH\CodeIgniter.php(927): App\Controllers\User->myProfile()
 7 SYSTEMPATH\CodeIgniter.php(482): CodeIgniter\CodeIgniter->runController(Object(App\Controllers\User))
 8 SYSTEMPATH\CodeIgniter.php(351): CodeIgniter\CodeIgniter->handleRequest(null, Object(Config\Cache), false)
 9 FCPATH\index.php(67): CodeIgniter\CodeIgniter->run()
10 SYSTEMPATH\Commands\Server\rewrite.php(46): require_once('FCPATH\\index.php')
CRITICAL - 2022-11-10 12:04:30 --> Attempt to read property "name" on array
in APPPATH\Views\page\myProfile.php on line 32.
 1 APPPATH\Views\page\myProfile.php(32): CodeIgniter\Debug\Exceptions->errorHandler(2, 'Attempt to read property "name" on array', 'APPPATH\\Views\\page\\myProfile.php', 32)
 2 SYSTEMPATH\View\View.php(213): include('APPPATH\\Views\\page\\myProfile.php')
 3 SYSTEMPATH\View\View.php(216): CodeIgniter\View\View->CodeIgniter\View\{closure}()
 4 SYSTEMPATH\Common.php(1134): CodeIgniter\View\View->render('page/myProfile', [], true)
 5 APPPATH\Controllers\User.php(20): view('page/myProfile', [...])
 6 SYSTEMPATH\CodeIgniter.php(927): App\Controllers\User->myProfile()
 7 SYSTEMPATH\CodeIgniter.php(482): CodeIgniter\CodeIgniter->runController(Object(App\Controllers\User))
 8 SYSTEMPATH\CodeIgniter.php(351): CodeIgniter\CodeIgniter->handleRequest(null, Object(Config\Cache), false)
 9 FCPATH\index.php(67): CodeIgniter\CodeIgniter->run()
10 SYSTEMPATH\Commands\Server\rewrite.php(46): require_once('FCPATH\\index.php')
