ERROR - 2022-11-15 06:04:11 --> Error connecting to the database: mysqli_sql_exception: No connection could be made because the target machine actively refused it in F:\WEB\XAMPP\htdocs\wwegis\vendor\codeigniter4\framework\system\Database\MySQLi\Connection.php:171
Stack trace:
#0 F:\WEB\XAMPP\htdocs\wwegis\vendor\codeigniter4\framework\system\Database\MySQLi\Connection.php(171): mysqli->real_connect('localhost', 'root', '', 'wwegis', 3306, '', 0)
#1 F:\WEB\XAMPP\htdocs\wwegis\vendor\codeigniter4\framework\system\Database\BaseConnection.php(382): CodeIgniter\Database\MySQLi\Connection->connect(false)
#2 F:\WEB\XAMPP\htdocs\wwegis\vendor\codeigniter4\framework\system\Database\BaseConnection.php(561): CodeIgniter\Database\BaseConnection->initialize()
#3 F:\WEB\XAMPP\htdocs\wwegis\vendor\codeigniter4\framework\system\Database\BaseBuilder.php(1585): CodeIgniter\Database\BaseConnection->query('SELECT *\nFROM `...', Array, false)
#4 F:\WEB\XAMPP\htdocs\wwegis\vendor\codeigniter4\framework\system\Model.php(250): CodeIgniter\Database\BaseBuilder->get()
#5 F:\WEB\XAMPP\htdocs\wwegis\vendor\codeigniter4\framework\system\BaseModel.php(623): CodeIgniter\Model->doFirst()
#6 F:\WEB\XAMPP\htdocs\wwegis\vendor\myth\auth\src\Authentication\LocalAuthenticator.php(140): CodeIgniter\BaseModel->first()
#7 F:\WEB\XAMPP\htdocs\wwegis\vendor\myth\auth\src\Authentication\LocalAuthenticator.php(19): Myth\Auth\Authentication\LocalAuthenticator->validate(Array, true)
#8 F:\WEB\XAMPP\htdocs\wwegis\vendor\myth\auth\src\Controllers\AuthController.php(87): Myth\Auth\Authentication\LocalAuthenticator->attempt(Array, false)
#9 F:\WEB\XAMPP\htdocs\wwegis\vendor\codeigniter4\framework\system\CodeIgniter.php(927): Myth\Auth\Controllers\AuthController->attemptLogin()
#10 F:\WEB\XAMPP\htdocs\wwegis\vendor\codeigniter4\framework\system\CodeIgniter.php(482): CodeIgniter\CodeIgniter->runController(Object(Myth\Auth\Controllers\AuthController))
#11 F:\WEB\XAMPP\htdocs\wwegis\vendor\codeigniter4\framework\system\CodeIgniter.php(351): CodeIgniter\CodeIgniter->handleRequest(NULL, Object(Config\Cache), false)
#12 F:\WEB\XAMPP\htdocs\wwegis\public\index.php(67): CodeIgniter\CodeIgniter->run()
#13 F:\WEB\XAMPP\htdocs\wwegis\vendor\codeigniter4\framework\system\Commands\Server\rewrite.php(46): require_once('F:\\WEB\\XAMPP\\ht...')
#14 {main}

Next CodeIgniter\Database\Exceptions\DatabaseException: No connection could be made because the target machine actively refused it in F:\WEB\XAMPP\htdocs\wwegis\vendor\codeigniter4\framework\system\Database\MySQLi\Connection.php:215
Stack trace:
#0 F:\WEB\XAMPP\htdocs\wwegis\vendor\codeigniter4\framework\system\Database\BaseConnection.php(382): CodeIgniter\Database\MySQLi\Connection->connect(false)
#1 F:\WEB\XAMPP\htdocs\wwegis\vendor\codeigniter4\framework\system\Database\BaseConnection.php(561): CodeIgniter\Database\BaseConnection->initialize()
#2 F:\WEB\XAMPP\htdocs\wwegis\vendor\codeigniter4\framework\system\Database\BaseBuilder.php(1585): CodeIgniter\Database\BaseConnection->query('SELECT *\nFROM `...', Array, false)
#3 F:\WEB\XAMPP\htdocs\wwegis\vendor\codeigniter4\framework\system\Model.php(250): CodeIgniter\Database\BaseBuilder->get()
#4 F:\WEB\XAMPP\htdocs\wwegis\vendor\codeigniter4\framework\system\BaseModel.php(623): CodeIgniter\Model->doFirst()
#5 F:\WEB\XAMPP\htdocs\wwegis\vendor\myth\auth\src\Authentication\LocalAuthenticator.php(140): CodeIgniter\BaseModel->first()
#6 F:\WEB\XAMPP\htdocs\wwegis\vendor\myth\auth\src\Authentication\LocalAuthenticator.php(19): Myth\Auth\Authentication\LocalAuthenticator->validate(Array, true)
#7 F:\WEB\XAMPP\htdocs\wwegis\vendor\myth\auth\src\Controllers\AuthController.php(87): Myth\Auth\Authentication\LocalAuthenticator->attempt(Array, false)
#8 F:\WEB\XAMPP\htdocs\wwegis\vendor\codeigniter4\framework\system\CodeIgniter.php(927): Myth\Auth\Controllers\AuthController->attemptLogin()
#9 F:\WEB\XAMPP\htdocs\wwegis\vendor\codeigniter4\framework\system\CodeIgniter.php(482): CodeIgniter\CodeIgniter->runController(Object(Myth\Auth\Controllers\AuthController))
#10 F:\WEB\XAMPP\htdocs\wwegis\vendor\codeigniter4\framework\system\CodeIgniter.php(351): CodeIgniter\CodeIgniter->handleRequest(NULL, Object(Config\Cache), false)
#11 F:\WEB\XAMPP\htdocs\wwegis\public\index.php(67): CodeIgniter\CodeIgniter->run()
#12 F:\WEB\XAMPP\htdocs\wwegis\vendor\codeigniter4\framework\system\Commands\Server\rewrite.php(46): require_once('F:\\WEB\\XAMPP\\ht...')
#13 {main}
CRITICAL - 2022-11-15 06:04:11 --> Unable to connect to the database.
Main connection [MySQLi]: No connection could be made because the target machine actively refused it
in SYSTEMPATH\Database\BaseConnection.php on line 418.
 1 SYSTEMPATH\Database\BaseConnection.php(561): CodeIgniter\Database\BaseConnection->initialize()
 2 SYSTEMPATH\Database\BaseBuilder.php(1585): CodeIgniter\Database\BaseConnection->query('SELECT *
FROM `users`
WHERE `username` = :username:
AND `users`.`deleted_at` IS NULL
 LIMIT 1', [...], false)
 3 SYSTEMPATH\Model.php(250): CodeIgniter\Database\BaseBuilder->get()
 4 SYSTEMPATH\BaseModel.php(623): CodeIgniter\Model->doFirst()
 5 VENDORPATH\myth\auth\src\Authentication\LocalAuthenticator.php(140): CodeIgniter\BaseModel->first()
 6 VENDORPATH\myth\auth\src\Authentication\LocalAuthenticator.php(19): Myth\Auth\Authentication\LocalAuthenticator->validate([...], true)
 7 VENDORPATH\myth\auth\src\Controllers\AuthController.php(87): Myth\Auth\Authentication\LocalAuthenticator->attempt([...], false)
 8 SYSTEMPATH\CodeIgniter.php(927): Myth\Auth\Controllers\AuthController->attemptLogin()
 9 SYSTEMPATH\CodeIgniter.php(482): CodeIgniter\CodeIgniter->runController(Object(Myth\Auth\Controllers\AuthController))
10 SYSTEMPATH\CodeIgniter.php(351): CodeIgniter\CodeIgniter->handleRequest(null, Object(Config\Cache), false)
11 FCPATH\index.php(67): CodeIgniter\CodeIgniter->run()
12 SYSTEMPATH\Commands\Server\rewrite.php(46): require_once('FCPATH\\index.php')
CRITICAL - 2022-11-15 08:04:24 --> Invalid file: _Layout/_template/_admin/templateSettingMap.php
in SYSTEMPATH\Exceptions\FrameworkException.php on line 33.
 1 SYSTEMPATH\View\View.php(201): CodeIgniter\Exceptions\FrameworkException::forInvalidFile('_Layout/_template/_admin/templateSettingMap.php')
 2 SYSTEMPATH\View\View.php(229): CodeIgniter\View\View->render('_Layout/_template/_admin/templateSettingMap', [], true)
 3 SYSTEMPATH\Common.php(1134): CodeIgniter\View\View->render('admin/settingMapView', [], true)
 4 APPPATH\Controllers\Admin.php(42): view('admin/settingMapView', [...])
 5 SYSTEMPATH\CodeIgniter.php(927): App\Controllers\Admin->Setting()
 6 SYSTEMPATH\CodeIgniter.php(482): CodeIgniter\CodeIgniter->runController(Object(App\Controllers\Admin))
 7 SYSTEMPATH\CodeIgniter.php(351): CodeIgniter\CodeIgniter->handleRequest(null, Object(Config\Cache), false)
 8 FCPATH\index.php(67): CodeIgniter\CodeIgniter->run()
 9 SYSTEMPATH\Commands\Server\rewrite.php(46): require_once('FCPATH\\index.php')
CRITICAL - 2022-11-15 08:06:59 --> Invalid file: _Layout/_template/_admin/templateSettingMap.php
in SYSTEMPATH\Exceptions\FrameworkException.php on line 33.
 1 SYSTEMPATH\View\View.php(201): CodeIgniter\Exceptions\FrameworkException::forInvalidFile('_Layout/_template/_admin/templateSettingMap.php')
 2 SYSTEMPATH\View\View.php(229): CodeIgniter\View\View->render('_Layout/_template/_admin/templateSettingMap', [], true)
 3 SYSTEMPATH\Common.php(1134): CodeIgniter\View\View->render('admin/settingMapView', [], true)
 4 APPPATH\Controllers\Admin.php(42): view('admin/settingMapView', [...])
 5 SYSTEMPATH\CodeIgniter.php(927): App\Controllers\Admin->Setting()
 6 SYSTEMPATH\CodeIgniter.php(482): CodeIgniter\CodeIgniter->runController(Object(App\Controllers\Admin))
 7 SYSTEMPATH\CodeIgniter.php(351): CodeIgniter\CodeIgniter->handleRequest(null, Object(Config\Cache), false)
 8 FCPATH\index.php(67): CodeIgniter\CodeIgniter->run()
 9 SYSTEMPATH\Commands\Server\rewrite.php(46): require_once('FCPATH\\index.php')
CRITICAL - 2022-11-15 08:12:35 --> Invalid file: admin/tambahHotel.php
in SYSTEMPATH\Exceptions\FrameworkException.php on line 33.
 1 SYSTEMPATH\View\View.php(201): CodeIgniter\Exceptions\FrameworkException::forInvalidFile('admin/tambahHotel.php')
 2 SYSTEMPATH\Common.php(1134): CodeIgniter\View\View->render('admin/tambahHotel', [], true)
 3 APPPATH\Controllers\Admin.php(223): view('admin/tambahHotel', [...])
 4 SYSTEMPATH\CodeIgniter.php(927): App\Controllers\Admin->tambahHotel()
 5 SYSTEMPATH\CodeIgniter.php(482): CodeIgniter\CodeIgniter->runController(Object(App\Controllers\Admin))
 6 SYSTEMPATH\CodeIgniter.php(351): CodeIgniter\CodeIgniter->handleRequest(null, Object(Config\Cache), false)
 7 FCPATH\index.php(67): CodeIgniter\CodeIgniter->run()
 8 SYSTEMPATH\Commands\Server\rewrite.php(46): require_once('FCPATH\\index.php')
CRITICAL - 2022-11-15 08:13:01 --> Invalid file: admin/tambahHotel.php
in SYSTEMPATH\Exceptions\FrameworkException.php on line 33.
 1 SYSTEMPATH\View\View.php(201): CodeIgniter\Exceptions\FrameworkException::forInvalidFile('admin/tambahHotel.php')
 2 SYSTEMPATH\Common.php(1134): CodeIgniter\View\View->render('admin/tambahHotel', [], true)
 3 APPPATH\Controllers\Admin.php(223): view('admin/tambahHotel', [...])
 4 SYSTEMPATH\CodeIgniter.php(927): App\Controllers\Admin->tambahHotel()
 5 SYSTEMPATH\CodeIgniter.php(482): CodeIgniter\CodeIgniter->runController(Object(App\Controllers\Admin))
 6 SYSTEMPATH\CodeIgniter.php(351): CodeIgniter\CodeIgniter->handleRequest(null, Object(Config\Cache), false)
 7 FCPATH\index.php(67): CodeIgniter\CodeIgniter->run()
 8 SYSTEMPATH\Commands\Server\rewrite.php(46): require_once('FCPATH\\index.php')
CRITICAL - 2022-11-15 08:14:07 --> Invalid file: admin/tambahHotel.php
in SYSTEMPATH\Exceptions\FrameworkException.php on line 33.
 1 SYSTEMPATH\View\View.php(201): CodeIgniter\Exceptions\FrameworkException::forInvalidFile('admin/tambahHotel.php')
 2 SYSTEMPATH\Common.php(1134): CodeIgniter\View\View->render('admin/tambahHotel', [], true)
 3 APPPATH\Controllers\Admin.php(223): view('admin/tambahHotel', [...])
 4 SYSTEMPATH\CodeIgniter.php(927): App\Controllers\Admin->tambahHotel()
 5 SYSTEMPATH\CodeIgniter.php(482): CodeIgniter\CodeIgniter->runController(Object(App\Controllers\Admin))
 6 SYSTEMPATH\CodeIgniter.php(351): CodeIgniter\CodeIgniter->handleRequest(null, Object(Config\Cache), false)
 7 FCPATH\index.php(67): CodeIgniter\CodeIgniter->run()
 8 SYSTEMPATH\Commands\Server\rewrite.php(46): require_once('FCPATH\\index.php')
CRITICAL - 2022-11-15 08:15:14 --> Invalid file: admin/tambahHotel.php
in SYSTEMPATH\Exceptions\FrameworkException.php on line 33.
 1 SYSTEMPATH\View\View.php(201): CodeIgniter\Exceptions\FrameworkException::forInvalidFile('admin/tambahHotel.php')
 2 SYSTEMPATH\Common.php(1134): CodeIgniter\View\View->render('admin/tambahHotel', [], true)
 3 APPPATH\Controllers\Admin.php(223): view('admin/tambahHotel', [...])
 4 SYSTEMPATH\CodeIgniter.php(927): App\Controllers\Admin->tambahHotel()
 5 SYSTEMPATH\CodeIgniter.php(482): CodeIgniter\CodeIgniter->runController(Object(App\Controllers\Admin))
 6 SYSTEMPATH\CodeIgniter.php(351): CodeIgniter\CodeIgniter->handleRequest(null, Object(Config\Cache), false)
 7 FCPATH\index.php(67): CodeIgniter\CodeIgniter->run()
 8 SYSTEMPATH\Commands\Server\rewrite.php(46): require_once('FCPATH\\index.php')
CRITICAL - 2022-11-15 08:15:15 --> Invalid file: admin/tambahHotel.php
in SYSTEMPATH\Exceptions\FrameworkException.php on line 33.
 1 SYSTEMPATH\View\View.php(201): CodeIgniter\Exceptions\FrameworkException::forInvalidFile('admin/tambahHotel.php')
 2 SYSTEMPATH\Common.php(1134): CodeIgniter\View\View->render('admin/tambahHotel', [], true)
 3 APPPATH\Controllers\Admin.php(223): view('admin/tambahHotel', [...])
 4 SYSTEMPATH\CodeIgniter.php(927): App\Controllers\Admin->tambahHotel()
 5 SYSTEMPATH\CodeIgniter.php(482): CodeIgniter\CodeIgniter->runController(Object(App\Controllers\Admin))
 6 SYSTEMPATH\CodeIgniter.php(351): CodeIgniter\CodeIgniter->handleRequest(null, Object(Config\Cache), false)
 7 FCPATH\index.php(67): CodeIgniter\CodeIgniter->run()
 8 SYSTEMPATH\Commands\Server\rewrite.php(46): require_once('FCPATH\\index.php')
CRITICAL - 2022-11-15 08:28:44 --> Class "App\Models\ModelHotel" not found
in APPPATH\Controllers\Admin.php on line 19.
 1 SYSTEMPATH\CodeIgniter.php(889): App\Controllers\Admin->__construct()
 2 SYSTEMPATH\CodeIgniter.php(473): CodeIgniter\CodeIgniter->createController()
 3 SYSTEMPATH\CodeIgniter.php(351): CodeIgniter\CodeIgniter->handleRequest(null, Object(Config\Cache), false)
 4 FCPATH\index.php(67): CodeIgniter\CodeIgniter->run()
 5 SYSTEMPATH\Commands\Server\rewrite.php(46): require_once('FCPATH\\index.php')
CRITICAL - 2022-11-15 08:30:49 --> unlink(img/sekolah/1668522451_15382e7f9fdcdfb44993.jpg): No such file or directory
in APPPATH\Controllers\Admin.php on line 266.
 1 [internal function]: CodeIgniter\Debug\Exceptions->errorHandler(2, 'unlink(img/sekolah/1668522451_15382e7f9fdcdfb44993.jpg): No such file or directory', 'APPPATH\\Controllers\\Admin.php', 266)
 2 APPPATH\Controllers\Admin.php(266): unlink('img/sekolah/1668522451_15382e7f9fdcdfb44993.jpg')
 3 SYSTEMPATH\CodeIgniter.php(927): App\Controllers\Admin->delete_Hotel('7')
 4 SYSTEMPATH\CodeIgniter.php(482): CodeIgniter\CodeIgniter->runController(Object(App\Controllers\Admin))
 5 SYSTEMPATH\CodeIgniter.php(351): CodeIgniter\CodeIgniter->handleRequest(null, Object(Config\Cache), false)
 6 FCPATH\index.php(67): CodeIgniter\CodeIgniter->run()
 7 SYSTEMPATH\Commands\Server\rewrite.php(46): require_once('FCPATH\\index.php')
CRITICAL - 2022-11-15 08:33:59 --> Undefined variable $tampilData
in APPPATH\Views\_Layout\_template\_admin\jsLeaflet.php on line 43.
 1 APPPATH\Views\_Layout\_template\_admin\jsLeaflet.php(43): CodeIgniter\Debug\Exceptions->errorHandler(2, 'Undefined variable $tampilData', 'APPPATH\\Views\\_Layout\\_template\\_admin\\jsLeaflet.php', 43)
 2 SYSTEMPATH\View\View.php(213): include('APPPATH\\Views\\_Layout\\_template\\_admin\\jsLeaflet.php')
 3 SYSTEMPATH\View\View.php(216): CodeIgniter\View\View->CodeIgniter\View\{closure}()
 4 SYSTEMPATH\View\View.php(431): CodeIgniter\View\View->render('_Layout/_template/_admin/jsLeaflet', null, true)
 5 APPPATH\Views\_Layout\_template\_admin\templateHotelData.php(157): CodeIgniter\View\View->include('_Layout/_template/_admin/jsLeaflet')
 6 SYSTEMPATH\View\View.php(213): include('APPPATH\\Views\\_Layout\\_template\\_admin\\templateHotelData.php')
 7 SYSTEMPATH\View\View.php(216): CodeIgniter\View\View->CodeIgniter\View\{closure}()
 8 SYSTEMPATH\View\View.php(229): CodeIgniter\View\View->render('_Layout/_template/_admin/templateHotelData', [], true)
 9 SYSTEMPATH\Common.php(1134): CodeIgniter\View\View->render('admin/tambahHotel', [], true)
10 APPPATH\Controllers\Admin.php(222): view('admin/tambahHotel', [...])
11 SYSTEMPATH\CodeIgniter.php(927): App\Controllers\Admin->tambahHotel()
12 SYSTEMPATH\CodeIgniter.php(482): CodeIgniter\CodeIgniter->runController(Object(App\Controllers\Admin))
13 SYSTEMPATH\CodeIgniter.php(351): CodeIgniter\CodeIgniter->handleRequest(null, Object(Config\Cache), false)
14 FCPATH\index.php(67): CodeIgniter\CodeIgniter->run()
15 SYSTEMPATH\Commands\Server\rewrite.php(46): require_once('FCPATH\\index.php')
CRITICAL - 2022-11-15 08:36:25 --> Undefined variable $tampilData
in APPPATH\Views\_Layout\_template\_admin\jsLeaflet.php on line 43.
 1 APPPATH\Views\_Layout\_template\_admin\jsLeaflet.php(43): CodeIgniter\Debug\Exceptions->errorHandler(2, 'Undefined variable $tampilData', 'APPPATH\\Views\\_Layout\\_template\\_admin\\jsLeaflet.php', 43)
 2 SYSTEMPATH\View\View.php(213): include('APPPATH\\Views\\_Layout\\_template\\_admin\\jsLeaflet.php')
 3 SYSTEMPATH\View\View.php(216): CodeIgniter\View\View->CodeIgniter\View\{closure}()
 4 SYSTEMPATH\View\View.php(431): CodeIgniter\View\View->render('_Layout/_template/_admin/jsLeaflet', null, true)
 5 APPPATH\Views\_Layout\_template\_admin\templateHotelData.php(157): CodeIgniter\View\View->include('_Layout/_template/_admin/jsLeaflet')
 6 SYSTEMPATH\View\View.php(213): include('APPPATH\\Views\\_Layout\\_template\\_admin\\templateHotelData.php')
 7 SYSTEMPATH\View\View.php(216): CodeIgniter\View\View->CodeIgniter\View\{closure}()
 8 SYSTEMPATH\View\View.php(229): CodeIgniter\View\View->render('_Layout/_template/_admin/templateHotelData', [], true)
 9 SYSTEMPATH\Common.php(1134): CodeIgniter\View\View->render('admin/tambahHotel', [], true)
10 APPPATH\Controllers\Admin.php(221): view('admin/tambahHotel', [...])
11 SYSTEMPATH\CodeIgniter.php(927): App\Controllers\Admin->tambahHotel()
12 SYSTEMPATH\CodeIgniter.php(482): CodeIgniter\CodeIgniter->runController(Object(App\Controllers\Admin))
13 SYSTEMPATH\CodeIgniter.php(351): CodeIgniter\CodeIgniter->handleRequest(null, Object(Config\Cache), false)
14 FCPATH\index.php(67): CodeIgniter\CodeIgniter->run()
15 SYSTEMPATH\Commands\Server\rewrite.php(46): require_once('FCPATH\\index.php')
CRITICAL - 2022-11-15 08:36:52 --> Undefined variable $tampilData
in APPPATH\Views\_Layout\_template\_admin\jsLeaflet.php on line 43.
 1 APPPATH\Views\_Layout\_template\_admin\jsLeaflet.php(43): CodeIgniter\Debug\Exceptions->errorHandler(2, 'Undefined variable $tampilData', 'APPPATH\\Views\\_Layout\\_template\\_admin\\jsLeaflet.php', 43)
 2 SYSTEMPATH\View\View.php(213): include('APPPATH\\Views\\_Layout\\_template\\_admin\\jsLeaflet.php')
 3 SYSTEMPATH\View\View.php(216): CodeIgniter\View\View->CodeIgniter\View\{closure}()
 4 SYSTEMPATH\View\View.php(431): CodeIgniter\View\View->render('_Layout/_template/_admin/jsLeaflet', null, true)
 5 APPPATH\Views\_Layout\_template\_admin\templateHotelData.php(157): CodeIgniter\View\View->include('_Layout/_template/_admin/jsLeaflet')
 6 SYSTEMPATH\View\View.php(213): include('APPPATH\\Views\\_Layout\\_template\\_admin\\templateHotelData.php')
 7 SYSTEMPATH\View\View.php(216): CodeIgniter\View\View->CodeIgniter\View\{closure}()
 8 SYSTEMPATH\View\View.php(229): CodeIgniter\View\View->render('_Layout/_template/_admin/templateHotelData', [], true)
 9 SYSTEMPATH\Common.php(1134): CodeIgniter\View\View->render('admin/tambahHotel', [], true)
10 APPPATH\Controllers\Admin.php(221): view('admin/tambahHotel', [...])
11 SYSTEMPATH\CodeIgniter.php(927): App\Controllers\Admin->tambahHotel()
12 SYSTEMPATH\CodeIgniter.php(482): CodeIgniter\CodeIgniter->runController(Object(App\Controllers\Admin))
13 SYSTEMPATH\CodeIgniter.php(351): CodeIgniter\CodeIgniter->handleRequest(null, Object(Config\Cache), false)
14 FCPATH\index.php(67): CodeIgniter\CodeIgniter->run()
15 SYSTEMPATH\Commands\Server\rewrite.php(46): require_once('FCPATH\\index.php')
CRITICAL - 2022-11-15 08:44:59 --> Undefined property: stdClass::$id_sekolah
in APPPATH\Views\admin\hotelData.php on line 56.
 1 APPPATH\Views\admin\hotelData.php(56): CodeIgniter\Debug\Exceptions->errorHandler(2, 'Undefined property: stdClass::$id_sekolah', 'APPPATH\\Views\\admin\\hotelData.php', 56)
 2 SYSTEMPATH\View\View.php(213): include('APPPATH\\Views\\admin\\hotelData.php')
 3 SYSTEMPATH\View\View.php(216): CodeIgniter\View\View->CodeIgniter\View\{closure}()
 4 SYSTEMPATH\Common.php(1134): CodeIgniter\View\View->render('admin/hotelData', [], true)
 5 APPPATH\Controllers\Admin.php(208): view('admin/hotelData', [...])
 6 SYSTEMPATH\CodeIgniter.php(927): App\Controllers\Admin->hotel()
 7 SYSTEMPATH\CodeIgniter.php(482): CodeIgniter\CodeIgniter->runController(Object(App\Controllers\Admin))
 8 SYSTEMPATH\CodeIgniter.php(351): CodeIgniter\CodeIgniter->handleRequest(null, Object(Config\Cache), false)
 9 FCPATH\index.php(67): CodeIgniter\CodeIgniter->run()
10 SYSTEMPATH\Commands\Server\rewrite.php(46): require_once('FCPATH\\index.php')
CRITICAL - 2022-11-15 08:47:35 --> Undefined property: stdClass::$nama_sekolah
in APPPATH\Views\admin\hotelData.php on line 50.
 1 APPPATH\Views\admin\hotelData.php(50): CodeIgniter\Debug\Exceptions->errorHandler(2, 'Undefined property: stdClass::$nama_sekolah', 'APPPATH\\Views\\admin\\hotelData.php', 50)
 2 SYSTEMPATH\View\View.php(213): include('APPPATH\\Views\\admin\\hotelData.php')
 3 SYSTEMPATH\View\View.php(216): CodeIgniter\View\View->CodeIgniter\View\{closure}()
 4 SYSTEMPATH\Common.php(1134): CodeIgniter\View\View->render('admin/hotelData', [], true)
 5 APPPATH\Controllers\Admin.php(208): view('admin/hotelData', [...])
 6 SYSTEMPATH\CodeIgniter.php(927): App\Controllers\Admin->hotel()
 7 SYSTEMPATH\CodeIgniter.php(482): CodeIgniter\CodeIgniter->runController(Object(App\Controllers\Admin))
 8 SYSTEMPATH\CodeIgniter.php(351): CodeIgniter\CodeIgniter->handleRequest(null, Object(Config\Cache), false)
 9 FCPATH\index.php(67): CodeIgniter\CodeIgniter->run()
10 SYSTEMPATH\Commands\Server\rewrite.php(46): require_once('FCPATH\\index.php')
ERROR - 2022-11-15 08:53:08 --> mysqli_sql_exception: Column 'alamat_hotel' cannot be null in F:\WEB\XAMPP\htdocs\wwegis-hotel\vendor\codeigniter4\framework\system\Database\MySQLi\Connection.php:292
Stack trace:
#0 F:\WEB\XAMPP\htdocs\wwegis-hotel\vendor\codeigniter4\framework\system\Database\MySQLi\Connection.php(292): mysqli->query('INSERT INTO `tb...', 0)
#1 F:\WEB\XAMPP\htdocs\wwegis-hotel\vendor\codeigniter4\framework\system\Database\BaseConnection.php(666): CodeIgniter\Database\MySQLi\Connection->execute('INSERT INTO `tb...')
#2 F:\WEB\XAMPP\htdocs\wwegis-hotel\vendor\codeigniter4\framework\system\Database\BaseConnection.php(593): CodeIgniter\Database\BaseConnection->simpleQuery('INSERT INTO `tb...')
#3 F:\WEB\XAMPP\htdocs\wwegis-hotel\vendor\codeigniter4\framework\system\Database\BaseBuilder.php(1916): CodeIgniter\Database\BaseConnection->query('INSERT INTO `tb...', Array, false)
#4 F:\WEB\XAMPP\htdocs\wwegis-hotel\app\Models\ModelHotel.php(32): CodeIgniter\Database\BaseBuilder->insert(Array)
#5 F:\WEB\XAMPP\htdocs\wwegis-hotel\app\Controllers\Admin.php(252): App\Models\ModelHotel->addHotel(Array)
#6 F:\WEB\XAMPP\htdocs\wwegis-hotel\vendor\codeigniter4\framework\system\CodeIgniter.php(927): App\Controllers\Admin->tambah_Hotel()
#7 F:\WEB\XAMPP\htdocs\wwegis-hotel\vendor\codeigniter4\framework\system\CodeIgniter.php(482): CodeIgniter\CodeIgniter->runController(Object(App\Controllers\Admin))
#8 F:\WEB\XAMPP\htdocs\wwegis-hotel\vendor\codeigniter4\framework\system\CodeIgniter.php(351): CodeIgniter\CodeIgniter->handleRequest(NULL, Object(Config\Cache), false)
#9 F:\WEB\XAMPP\htdocs\wwegis-hotel\public\index.php(67): CodeIgniter\CodeIgniter->run()
#10 F:\WEB\XAMPP\htdocs\wwegis-hotel\vendor\codeigniter4\framework\system\Commands\Server\rewrite.php(46): require_once('F:\\WEB\\XAMPP\\ht...')
#11 {main}
CRITICAL - 2022-11-15 08:53:08 --> Column 'alamat_hotel' cannot be null
in SYSTEMPATH\Database\MySQLi\Connection.php on line 292.
 1 SYSTEMPATH\Database\MySQLi\Connection.php(292): mysqli->query('INSERT INTO `tbl_hotel` (`nama_hotel`, `alamat_hotel`, `coordinate`, `id_provinsi`, `id_kabupaten`, `id_kecamatan`, `id_kelurahan`, `id_jenjang`, `akreditasi`, `status`, `foto_hotel`) VALUES (\'ghjf\', NULL, NULL, \'13\', \'1301\', \'1301021\', \'1301021004\', \'3\', \'A\', \'swasta\', \'1668523988_bba956c8759f6b55c3dd.png\')', 0)
 2 SYSTEMPATH\Database\BaseConnection.php(666): CodeIgniter\Database\MySQLi\Connection->execute('INSERT INTO `tbl_hotel` (`nama_hotel`, `alamat_hotel`, `coordinate`, `id_provinsi`, `id_kabupaten`, `id_kecamatan`, `id_kelurahan`, `id_jenjang`, `akreditasi`, `status`, `foto_hotel`) VALUES (\'ghjf\', NULL, NULL, \'13\', \'1301\', \'1301021\', \'1301021004\', \'3\', \'A\', \'swasta\', \'1668523988_bba956c8759f6b55c3dd.png\')')
 3 SYSTEMPATH\Database\BaseConnection.php(593): CodeIgniter\Database\BaseConnection->simpleQuery('INSERT INTO `tbl_hotel` (`nama_hotel`, `alamat_hotel`, `coordinate`, `id_provinsi`, `id_kabupaten`, `id_kecamatan`, `id_kelurahan`, `id_jenjang`, `akreditasi`, `status`, `foto_hotel`) VALUES (\'ghjf\', NULL, NULL, \'13\', \'1301\', \'1301021\', \'1301021004\', \'3\', \'A\', \'swasta\', \'1668523988_bba956c8759f6b55c3dd.png\')')
 4 SYSTEMPATH\Database\BaseBuilder.php(1916): CodeIgniter\Database\BaseConnection->query('INSERT INTO `tbl_hotel` (`nama_hotel`, `alamat_hotel`, `coordinate`, `id_provinsi`, `id_kabupaten`, `id_kecamatan`, `id_kelurahan`, `id_jenjang`, `akreditasi`, `status`, `foto_hotel`) VALUES (:nama_hotel:, :alamat_hotel:, :coordinate:, :id_provinsi:, :id_kabupaten:, :id_kecamatan:, :id_kelurahan:, :id_jenjang:, :akreditasi:, :status:, :foto_hotel:)', [...], false)
 5 APPPATH\Models\ModelHotel.php(32): CodeIgniter\Database\BaseBuilder->insert([...])
 6 APPPATH\Controllers\Admin.php(252): App\Models\ModelHotel->addHotel([...])
 7 SYSTEMPATH\CodeIgniter.php(927): App\Controllers\Admin->tambah_Hotel()
 8 SYSTEMPATH\CodeIgniter.php(482): CodeIgniter\CodeIgniter->runController(Object(App\Controllers\Admin))
 9 SYSTEMPATH\CodeIgniter.php(351): CodeIgniter\CodeIgniter->handleRequest(null, Object(Config\Cache), false)
10 FCPATH\index.php(67): CodeIgniter\CodeIgniter->run()
11 SYSTEMPATH\Commands\Server\rewrite.php(46): require_once('FCPATH\\index.php')
CRITICAL - 2022-11-15 09:29:29 --> Undefined array key "bintang"
in APPPATH\Views\admin\tambahHotel.php on line 77.
 1 APPPATH\Views\admin\tambahHotel.php(77): CodeIgniter\Debug\Exceptions->errorHandler(2, 'Undefined array key "bintang"', 'APPPATH\\Views\\admin\\tambahHotel.php', 77)
 2 SYSTEMPATH\View\View.php(213): include('APPPATH\\Views\\admin\\tambahHotel.php')
 3 SYSTEMPATH\View\View.php(216): CodeIgniter\View\View->CodeIgniter\View\{closure}()
 4 SYSTEMPATH\Common.php(1134): CodeIgniter\View\View->render('admin/tambahHotel', [], true)
 5 APPPATH\Controllers\Admin.php(222): view('admin/tambahHotel', [...])
 6 SYSTEMPATH\CodeIgniter.php(927): App\Controllers\Admin->tambahHotel()
 7 SYSTEMPATH\CodeIgniter.php(482): CodeIgniter\CodeIgniter->runController(Object(App\Controllers\Admin))
 8 SYSTEMPATH\CodeIgniter.php(351): CodeIgniter\CodeIgniter->handleRequest(null, Object(Config\Cache), false)
 9 FCPATH\index.php(67): CodeIgniter\CodeIgniter->run()
10 SYSTEMPATH\Commands\Server\rewrite.php(46): require_once('FCPATH\\index.php')
CRITICAL - 2022-11-15 09:30:42 --> Undefined variable $bintang
in APPPATH\Views\admin\tambahHotel.php on line 76.
 1 APPPATH\Views\admin\tambahHotel.php(76): CodeIgniter\Debug\Exceptions->errorHandler(2, 'Undefined variable $bintang', 'APPPATH\\Views\\admin\\tambahHotel.php', 76)
 2 SYSTEMPATH\View\View.php(213): include('APPPATH\\Views\\admin\\tambahHotel.php')
 3 SYSTEMPATH\View\View.php(216): CodeIgniter\View\View->CodeIgniter\View\{closure}()
 4 SYSTEMPATH\Common.php(1134): CodeIgniter\View\View->render('admin/tambahHotel', [], true)
 5 APPPATH\Controllers\Admin.php(222): view('admin/tambahHotel', [...])
 6 SYSTEMPATH\CodeIgniter.php(927): App\Controllers\Admin->tambahHotel()
 7 SYSTEMPATH\CodeIgniter.php(482): CodeIgniter\CodeIgniter->runController(Object(App\Controllers\Admin))
 8 SYSTEMPATH\CodeIgniter.php(351): CodeIgniter\CodeIgniter->handleRequest(null, Object(Config\Cache), false)
 9 FCPATH\index.php(67): CodeIgniter\CodeIgniter->run()
10 SYSTEMPATH\Commands\Server\rewrite.php(46): require_once('FCPATH\\index.php')
CRITICAL - 2022-11-15 09:30:43 --> Undefined variable $bintang
in APPPATH\Views\admin\tambahHotel.php on line 76.
 1 APPPATH\Views\admin\tambahHotel.php(76): CodeIgniter\Debug\Exceptions->errorHandler(2, 'Undefined variable $bintang', 'APPPATH\\Views\\admin\\tambahHotel.php', 76)
 2 SYSTEMPATH\View\View.php(213): include('APPPATH\\Views\\admin\\tambahHotel.php')
 3 SYSTEMPATH\View\View.php(216): CodeIgniter\View\View->CodeIgniter\View\{closure}()
 4 SYSTEMPATH\Common.php(1134): CodeIgniter\View\View->render('admin/tambahHotel', [], true)
 5 APPPATH\Controllers\Admin.php(222): view('admin/tambahHotel', [...])
 6 SYSTEMPATH\CodeIgniter.php(927): App\Controllers\Admin->tambahHotel()
 7 SYSTEMPATH\CodeIgniter.php(482): CodeIgniter\CodeIgniter->runController(Object(App\Controllers\Admin))
 8 SYSTEMPATH\CodeIgniter.php(351): CodeIgniter\CodeIgniter->handleRequest(null, Object(Config\Cache), false)
 9 FCPATH\index.php(67): CodeIgniter\CodeIgniter->run()
10 SYSTEMPATH\Commands\Server\rewrite.php(46): require_once('FCPATH\\index.php')
CRITICAL - 2022-11-15 09:31:17 --> Undefined array key "bintangHotel"
in APPPATH\Views\admin\tambahHotel.php on line 77.
 1 APPPATH\Views\admin\tambahHotel.php(77): CodeIgniter\Debug\Exceptions->errorHandler(2, 'Undefined array key "bintangHotel"', 'APPPATH\\Views\\admin\\tambahHotel.php', 77)
 2 SYSTEMPATH\View\View.php(213): include('APPPATH\\Views\\admin\\tambahHotel.php')
 3 SYSTEMPATH\View\View.php(216): CodeIgniter\View\View->CodeIgniter\View\{closure}()
 4 SYSTEMPATH\Common.php(1134): CodeIgniter\View\View->render('admin/tambahHotel', [], true)
 5 APPPATH\Controllers\Admin.php(222): view('admin/tambahHotel', [...])
 6 SYSTEMPATH\CodeIgniter.php(927): App\Controllers\Admin->tambahHotel()
 7 SYSTEMPATH\CodeIgniter.php(482): CodeIgniter\CodeIgniter->runController(Object(App\Controllers\Admin))
 8 SYSTEMPATH\CodeIgniter.php(351): CodeIgniter\CodeIgniter->handleRequest(null, Object(Config\Cache), false)
 9 FCPATH\index.php(67): CodeIgniter\CodeIgniter->run()
10 SYSTEMPATH\Commands\Server\rewrite.php(46): require_once('FCPATH\\index.php')
CRITICAL - 2022-11-15 09:32:42 --> Undefined array key "bintangHotel"
in APPPATH\Views\admin\tambahHotel.php on line 77.
 1 APPPATH\Views\admin\tambahHotel.php(77): CodeIgniter\Debug\Exceptions->errorHandler(2, 'Undefined array key "bintangHotel"', 'APPPATH\\Views\\admin\\tambahHotel.php', 77)
 2 SYSTEMPATH\View\View.php(213): include('APPPATH\\Views\\admin\\tambahHotel.php')
 3 SYSTEMPATH\View\View.php(216): CodeIgniter\View\View->CodeIgniter\View\{closure}()
 4 SYSTEMPATH\Common.php(1134): CodeIgniter\View\View->render('admin/tambahHotel', [], true)
 5 APPPATH\Controllers\Admin.php(222): view('admin/tambahHotel', [...])
 6 SYSTEMPATH\CodeIgniter.php(927): App\Controllers\Admin->tambahHotel()
 7 SYSTEMPATH\CodeIgniter.php(482): CodeIgniter\CodeIgniter->runController(Object(App\Controllers\Admin))
 8 SYSTEMPATH\CodeIgniter.php(351): CodeIgniter\CodeIgniter->handleRequest(null, Object(Config\Cache), false)
 9 FCPATH\index.php(67): CodeIgniter\CodeIgniter->run()
10 SYSTEMPATH\Commands\Server\rewrite.php(46): require_once('FCPATH\\index.php')
ERROR - 2022-11-15 09:34:37 --> mysqli_sql_exception: Column 'status' cannot be null in F:\WEB\XAMPP\htdocs\wwegis-hotel\vendor\codeigniter4\framework\system\Database\MySQLi\Connection.php:292
Stack trace:
#0 F:\WEB\XAMPP\htdocs\wwegis-hotel\vendor\codeigniter4\framework\system\Database\MySQLi\Connection.php(292): mysqli->query('INSERT INTO `tb...', 0)
#1 F:\WEB\XAMPP\htdocs\wwegis-hotel\vendor\codeigniter4\framework\system\Database\BaseConnection.php(666): CodeIgniter\Database\MySQLi\Connection->execute('INSERT INTO `tb...')
#2 F:\WEB\XAMPP\htdocs\wwegis-hotel\vendor\codeigniter4\framework\system\Database\BaseConnection.php(593): CodeIgniter\Database\BaseConnection->simpleQuery('INSERT INTO `tb...')
#3 F:\WEB\XAMPP\htdocs\wwegis-hotel\vendor\codeigniter4\framework\system\Database\BaseBuilder.php(1916): CodeIgniter\Database\BaseConnection->query('INSERT INTO `tb...', Array, false)
#4 F:\WEB\XAMPP\htdocs\wwegis-hotel\app\Models\ModelHotel.php(32): CodeIgniter\Database\BaseBuilder->insert(Array)
#5 F:\WEB\XAMPP\htdocs\wwegis-hotel\app\Controllers\Admin.php(251): App\Models\ModelHotel->addHotel(Array)
#6 F:\WEB\XAMPP\htdocs\wwegis-hotel\vendor\codeigniter4\framework\system\CodeIgniter.php(927): App\Controllers\Admin->tambah_Hotel()
#7 F:\WEB\XAMPP\htdocs\wwegis-hotel\vendor\codeigniter4\framework\system\CodeIgniter.php(482): CodeIgniter\CodeIgniter->runController(Object(App\Controllers\Admin))
#8 F:\WEB\XAMPP\htdocs\wwegis-hotel\vendor\codeigniter4\framework\system\CodeIgniter.php(351): CodeIgniter\CodeIgniter->handleRequest(NULL, Object(Config\Cache), false)
#9 F:\WEB\XAMPP\htdocs\wwegis-hotel\public\index.php(67): CodeIgniter\CodeIgniter->run()
#10 F:\WEB\XAMPP\htdocs\wwegis-hotel\vendor\codeigniter4\framework\system\Commands\Server\rewrite.php(46): require_once('F:\\WEB\\XAMPP\\ht...')
#11 {main}
CRITICAL - 2022-11-15 09:34:37 --> Column 'status' cannot be null
in SYSTEMPATH\Database\MySQLi\Connection.php on line 292.
 1 SYSTEMPATH\Database\MySQLi\Connection.php(292): mysqli->query('INSERT INTO `tbl_hotel` (`nama_hotel`, `alamat_hotel`, `coordinate`, `id_provinsi`, `id_kabupaten`, `id_kecamatan`, `id_kelurahan`, `id_bintang`, `status`, `foto_hotel`) VALUES (\'ghjf\', \'dfbfdgbfg\', NULL, \'14\', \'1403\', \'1403021\', \'1403021004\', \'3\', NULL, \'1668526477_f61082f8cb7b10d8f667.jpg\')', 0)
 2 SYSTEMPATH\Database\BaseConnection.php(666): CodeIgniter\Database\MySQLi\Connection->execute('INSERT INTO `tbl_hotel` (`nama_hotel`, `alamat_hotel`, `coordinate`, `id_provinsi`, `id_kabupaten`, `id_kecamatan`, `id_kelurahan`, `id_bintang`, `status`, `foto_hotel`) VALUES (\'ghjf\', \'dfbfdgbfg\', NULL, \'14\', \'1403\', \'1403021\', \'1403021004\', \'3\', NULL, \'1668526477_f61082f8cb7b10d8f667.jpg\')')
 3 SYSTEMPATH\Database\BaseConnection.php(593): CodeIgniter\Database\BaseConnection->simpleQuery('INSERT INTO `tbl_hotel` (`nama_hotel`, `alamat_hotel`, `coordinate`, `id_provinsi`, `id_kabupaten`, `id_kecamatan`, `id_kelurahan`, `id_bintang`, `status`, `foto_hotel`) VALUES (\'ghjf\', \'dfbfdgbfg\', NULL, \'14\', \'1403\', \'1403021\', \'1403021004\', \'3\', NULL, \'1668526477_f61082f8cb7b10d8f667.jpg\')')
 4 SYSTEMPATH\Database\BaseBuilder.php(1916): CodeIgniter\Database\BaseConnection->query('INSERT INTO `tbl_hotel` (`nama_hotel`, `alamat_hotel`, `coordinate`, `id_provinsi`, `id_kabupaten`, `id_kecamatan`, `id_kelurahan`, `id_bintang`, `status`, `foto_hotel`) VALUES (:nama_hotel:, :alamat_hotel:, :coordinate:, :id_provinsi:, :id_kabupaten:, :id_kecamatan:, :id_kelurahan:, :id_bintang:, :status:, :foto_hotel:)', [...], false)
 5 APPPATH\Models\ModelHotel.php(32): CodeIgniter\Database\BaseBuilder->insert([...])
 6 APPPATH\Controllers\Admin.php(251): App\Models\ModelHotel->addHotel([...])
 7 SYSTEMPATH\CodeIgniter.php(927): App\Controllers\Admin->tambah_Hotel()
 8 SYSTEMPATH\CodeIgniter.php(482): CodeIgniter\CodeIgniter->runController(Object(App\Controllers\Admin))
 9 SYSTEMPATH\CodeIgniter.php(351): CodeIgniter\CodeIgniter->handleRequest(null, Object(Config\Cache), false)
10 FCPATH\index.php(67): CodeIgniter\CodeIgniter->run()
11 SYSTEMPATH\Commands\Server\rewrite.php(46): require_once('FCPATH\\index.php')
ERROR - 2022-11-15 09:36:18 --> mysqli_sql_exception: Unknown column 'status_bintang' in 'field list' in F:\WEB\XAMPP\htdocs\wwegis-hotel\vendor\codeigniter4\framework\system\Database\MySQLi\Connection.php:292
Stack trace:
#0 F:\WEB\XAMPP\htdocs\wwegis-hotel\vendor\codeigniter4\framework\system\Database\MySQLi\Connection.php(292): mysqli->query('INSERT INTO `tb...', 0)
#1 F:\WEB\XAMPP\htdocs\wwegis-hotel\vendor\codeigniter4\framework\system\Database\BaseConnection.php(666): CodeIgniter\Database\MySQLi\Connection->execute('INSERT INTO `tb...')
#2 F:\WEB\XAMPP\htdocs\wwegis-hotel\vendor\codeigniter4\framework\system\Database\BaseConnection.php(593): CodeIgniter\Database\BaseConnection->simpleQuery('INSERT INTO `tb...')
#3 F:\WEB\XAMPP\htdocs\wwegis-hotel\vendor\codeigniter4\framework\system\Database\BaseBuilder.php(1916): CodeIgniter\Database\BaseConnection->query('INSERT INTO `tb...', Array, false)
#4 F:\WEB\XAMPP\htdocs\wwegis-hotel\app\Models\ModelHotel.php(32): CodeIgniter\Database\BaseBuilder->insert(Array)
#5 F:\WEB\XAMPP\htdocs\wwegis-hotel\app\Controllers\Admin.php(251): App\Models\ModelHotel->addHotel(Array)
#6 F:\WEB\XAMPP\htdocs\wwegis-hotel\vendor\codeigniter4\framework\system\CodeIgniter.php(927): App\Controllers\Admin->tambah_Hotel()
#7 F:\WEB\XAMPP\htdocs\wwegis-hotel\vendor\codeigniter4\framework\system\CodeIgniter.php(482): CodeIgniter\CodeIgniter->runController(Object(App\Controllers\Admin))
#8 F:\WEB\XAMPP\htdocs\wwegis-hotel\vendor\codeigniter4\framework\system\CodeIgniter.php(351): CodeIgniter\CodeIgniter->handleRequest(NULL, Object(Config\Cache), false)
#9 F:\WEB\XAMPP\htdocs\wwegis-hotel\public\index.php(67): CodeIgniter\CodeIgniter->run()
#10 F:\WEB\XAMPP\htdocs\wwegis-hotel\vendor\codeigniter4\framework\system\Commands\Server\rewrite.php(46): require_once('F:\\WEB\\XAMPP\\ht...')
#11 {main}
CRITICAL - 2022-11-15 09:36:18 --> Unknown column 'status_bintang' in 'field list'
in SYSTEMPATH\Database\MySQLi\Connection.php on line 292.
 1 SYSTEMPATH\Database\MySQLi\Connection.php(292): mysqli->query('INSERT INTO `tbl_hotel` (`nama_hotel`, `alamat_hotel`, `coordinate`, `id_provinsi`, `id_kabupaten`, `id_kecamatan`, `id_kelurahan`, `id_bintang`, `status_bintang`, `foto_hotel`) VALUES (\'ghjf\', \'dfbfdgbfg\', NULL, \'12\', \'1202\', \'1202020\', \'1202020028\', \'5\', NULL, \'1668526578_4baea3fba115df410076.png\')', 0)
 2 SYSTEMPATH\Database\BaseConnection.php(666): CodeIgniter\Database\MySQLi\Connection->execute('INSERT INTO `tbl_hotel` (`nama_hotel`, `alamat_hotel`, `coordinate`, `id_provinsi`, `id_kabupaten`, `id_kecamatan`, `id_kelurahan`, `id_bintang`, `status_bintang`, `foto_hotel`) VALUES (\'ghjf\', \'dfbfdgbfg\', NULL, \'12\', \'1202\', \'1202020\', \'1202020028\', \'5\', NULL, \'1668526578_4baea3fba115df410076.png\')')
 3 SYSTEMPATH\Database\BaseConnection.php(593): CodeIgniter\Database\BaseConnection->simpleQuery('INSERT INTO `tbl_hotel` (`nama_hotel`, `alamat_hotel`, `coordinate`, `id_provinsi`, `id_kabupaten`, `id_kecamatan`, `id_kelurahan`, `id_bintang`, `status_bintang`, `foto_hotel`) VALUES (\'ghjf\', \'dfbfdgbfg\', NULL, \'12\', \'1202\', \'1202020\', \'1202020028\', \'5\', NULL, \'1668526578_4baea3fba115df410076.png\')')
 4 SYSTEMPATH\Database\BaseBuilder.php(1916): CodeIgniter\Database\BaseConnection->query('INSERT INTO `tbl_hotel` (`nama_hotel`, `alamat_hotel`, `coordinate`, `id_provinsi`, `id_kabupaten`, `id_kecamatan`, `id_kelurahan`, `id_bintang`, `status_bintang`, `foto_hotel`) VALUES (:nama_hotel:, :alamat_hotel:, :coordinate:, :id_provinsi:, :id_kabupaten:, :id_kecamatan:, :id_kelurahan:, :id_bintang:, :status_bintang:, :foto_hotel:)', [...], false)
 5 APPPATH\Models\ModelHotel.php(32): CodeIgniter\Database\BaseBuilder->insert([...])
 6 APPPATH\Controllers\Admin.php(251): App\Models\ModelHotel->addHotel([...])
 7 SYSTEMPATH\CodeIgniter.php(927): App\Controllers\Admin->tambah_Hotel()
 8 SYSTEMPATH\CodeIgniter.php(482): CodeIgniter\CodeIgniter->runController(Object(App\Controllers\Admin))
 9 SYSTEMPATH\CodeIgniter.php(351): CodeIgniter\CodeIgniter->handleRequest(null, Object(Config\Cache), false)
10 FCPATH\index.php(67): CodeIgniter\CodeIgniter->run()
11 SYSTEMPATH\Commands\Server\rewrite.php(46): require_once('FCPATH\\index.php')
ERROR - 2022-11-15 09:37:14 --> mysqli_sql_exception: Unknown column 'status_bintang' in 'field list' in F:\WEB\XAMPP\htdocs\wwegis-hotel\vendor\codeigniter4\framework\system\Database\MySQLi\Connection.php:292
Stack trace:
#0 F:\WEB\XAMPP\htdocs\wwegis-hotel\vendor\codeigniter4\framework\system\Database\MySQLi\Connection.php(292): mysqli->query('INSERT INTO `tb...', 0)
#1 F:\WEB\XAMPP\htdocs\wwegis-hotel\vendor\codeigniter4\framework\system\Database\BaseConnection.php(666): CodeIgniter\Database\MySQLi\Connection->execute('INSERT INTO `tb...')
#2 F:\WEB\XAMPP\htdocs\wwegis-hotel\vendor\codeigniter4\framework\system\Database\BaseConnection.php(593): CodeIgniter\Database\BaseConnection->simpleQuery('INSERT INTO `tb...')
#3 F:\WEB\XAMPP\htdocs\wwegis-hotel\vendor\codeigniter4\framework\system\Database\BaseBuilder.php(1916): CodeIgniter\Database\BaseConnection->query('INSERT INTO `tb...', Array, false)
#4 F:\WEB\XAMPP\htdocs\wwegis-hotel\app\Models\ModelHotel.php(32): CodeIgniter\Database\BaseBuilder->insert(Array)
#5 F:\WEB\XAMPP\htdocs\wwegis-hotel\app\Controllers\Admin.php(251): App\Models\ModelHotel->addHotel(Array)
#6 F:\WEB\XAMPP\htdocs\wwegis-hotel\vendor\codeigniter4\framework\system\CodeIgniter.php(927): App\Controllers\Admin->tambah_Hotel()
#7 F:\WEB\XAMPP\htdocs\wwegis-hotel\vendor\codeigniter4\framework\system\CodeIgniter.php(482): CodeIgniter\CodeIgniter->runController(Object(App\Controllers\Admin))
#8 F:\WEB\XAMPP\htdocs\wwegis-hotel\vendor\codeigniter4\framework\system\CodeIgniter.php(351): CodeIgniter\CodeIgniter->handleRequest(NULL, Object(Config\Cache), false)
#9 F:\WEB\XAMPP\htdocs\wwegis-hotel\public\index.php(67): CodeIgniter\CodeIgniter->run()
#10 F:\WEB\XAMPP\htdocs\wwegis-hotel\vendor\codeigniter4\framework\system\Commands\Server\rewrite.php(46): require_once('F:\\WEB\\XAMPP\\ht...')
#11 {main}
CRITICAL - 2022-11-15 09:37:14 --> Unknown column 'status_bintang' in 'field list'
in SYSTEMPATH\Database\MySQLi\Connection.php on line 292.
 1 SYSTEMPATH\Database\MySQLi\Connection.php(292): mysqli->query('INSERT INTO `tbl_hotel` (`nama_hotel`, `alamat_hotel`, `coordinate`, `id_provinsi`, `id_kabupaten`, `id_kecamatan`, `id_kelurahan`, `id_bintang`, `status_bintang`, `foto_hotel`) VALUES (\'ghjf\', \'hfghfgh\', NULL, \'15\', \'1504\', \'1504020\', \'1504020004\', NULL, \'2\', \'1668526634_354054fbd1b54b153141.jpg\')', 0)
 2 SYSTEMPATH\Database\BaseConnection.php(666): CodeIgniter\Database\MySQLi\Connection->execute('INSERT INTO `tbl_hotel` (`nama_hotel`, `alamat_hotel`, `coordinate`, `id_provinsi`, `id_kabupaten`, `id_kecamatan`, `id_kelurahan`, `id_bintang`, `status_bintang`, `foto_hotel`) VALUES (\'ghjf\', \'hfghfgh\', NULL, \'15\', \'1504\', \'1504020\', \'1504020004\', NULL, \'2\', \'1668526634_354054fbd1b54b153141.jpg\')')
 3 SYSTEMPATH\Database\BaseConnection.php(593): CodeIgniter\Database\BaseConnection->simpleQuery('INSERT INTO `tbl_hotel` (`nama_hotel`, `alamat_hotel`, `coordinate`, `id_provinsi`, `id_kabupaten`, `id_kecamatan`, `id_kelurahan`, `id_bintang`, `status_bintang`, `foto_hotel`) VALUES (\'ghjf\', \'hfghfgh\', NULL, \'15\', \'1504\', \'1504020\', \'1504020004\', NULL, \'2\', \'1668526634_354054fbd1b54b153141.jpg\')')
 4 SYSTEMPATH\Database\BaseBuilder.php(1916): CodeIgniter\Database\BaseConnection->query('INSERT INTO `tbl_hotel` (`nama_hotel`, `alamat_hotel`, `coordinate`, `id_provinsi`, `id_kabupaten`, `id_kecamatan`, `id_kelurahan`, `id_bintang`, `status_bintang`, `foto_hotel`) VALUES (:nama_hotel:, :alamat_hotel:, :coordinate:, :id_provinsi:, :id_kabupaten:, :id_kecamatan:, :id_kelurahan:, :id_bintang:, :status_bintang:, :foto_hotel:)', [...], false)
 5 APPPATH\Models\ModelHotel.php(32): CodeIgniter\Database\BaseBuilder->insert([...])
 6 APPPATH\Controllers\Admin.php(251): App\Models\ModelHotel->addHotel([...])
 7 SYSTEMPATH\CodeIgniter.php(927): App\Controllers\Admin->tambah_Hotel()
 8 SYSTEMPATH\CodeIgniter.php(482): CodeIgniter\CodeIgniter->runController(Object(App\Controllers\Admin))
 9 SYSTEMPATH\CodeIgniter.php(351): CodeIgniter\CodeIgniter->handleRequest(null, Object(Config\Cache), false)
10 FCPATH\index.php(67): CodeIgniter\CodeIgniter->run()
11 SYSTEMPATH\Commands\Server\rewrite.php(46): require_once('FCPATH\\index.php')
ERROR - 2022-11-15 09:38:53 --> mysqli_sql_exception: Unknown column 'status_bintang' in 'field list' in F:\WEB\XAMPP\htdocs\wwegis-hotel\vendor\codeigniter4\framework\system\Database\MySQLi\Connection.php:292
Stack trace:
#0 F:\WEB\XAMPP\htdocs\wwegis-hotel\vendor\codeigniter4\framework\system\Database\MySQLi\Connection.php(292): mysqli->query('INSERT INTO `tb...', 0)
#1 F:\WEB\XAMPP\htdocs\wwegis-hotel\vendor\codeigniter4\framework\system\Database\BaseConnection.php(666): CodeIgniter\Database\MySQLi\Connection->execute('INSERT INTO `tb...')
#2 F:\WEB\XAMPP\htdocs\wwegis-hotel\vendor\codeigniter4\framework\system\Database\BaseConnection.php(593): CodeIgniter\Database\BaseConnection->simpleQuery('INSERT INTO `tb...')
#3 F:\WEB\XAMPP\htdocs\wwegis-hotel\vendor\codeigniter4\framework\system\Database\BaseBuilder.php(1916): CodeIgniter\Database\BaseConnection->query('INSERT INTO `tb...', Array, false)
#4 F:\WEB\XAMPP\htdocs\wwegis-hotel\app\Models\ModelHotel.php(32): CodeIgniter\Database\BaseBuilder->insert(Array)
#5 F:\WEB\XAMPP\htdocs\wwegis-hotel\app\Controllers\Admin.php(250): App\Models\ModelHotel->addHotel(Array)
#6 F:\WEB\XAMPP\htdocs\wwegis-hotel\vendor\codeigniter4\framework\system\CodeIgniter.php(927): App\Controllers\Admin->tambah_Hotel()
#7 F:\WEB\XAMPP\htdocs\wwegis-hotel\vendor\codeigniter4\framework\system\CodeIgniter.php(482): CodeIgniter\CodeIgniter->runController(Object(App\Controllers\Admin))
#8 F:\WEB\XAMPP\htdocs\wwegis-hotel\vendor\codeigniter4\framework\system\CodeIgniter.php(351): CodeIgniter\CodeIgniter->handleRequest(NULL, Object(Config\Cache), false)
#9 F:\WEB\XAMPP\htdocs\wwegis-hotel\public\index.php(67): CodeIgniter\CodeIgniter->run()
#10 F:\WEB\XAMPP\htdocs\wwegis-hotel\vendor\codeigniter4\framework\system\Commands\Server\rewrite.php(46): require_once('F:\\WEB\\XAMPP\\ht...')
#11 {main}
CRITICAL - 2022-11-15 09:38:53 --> Unknown column 'status_bintang' in 'field list'
in SYSTEMPATH\Database\MySQLi\Connection.php on line 292.
 1 SYSTEMPATH\Database\MySQLi\Connection.php(292): mysqli->query('INSERT INTO `tbl_hotel` (`nama_hotel`, `status_bintang`, `alamat_hotel`, `coordinate`, `id_provinsi`, `id_kabupaten`, `id_kecamatan`, `id_kelurahan`, `foto_hotel`) VALUES (\'ghjf\', \'2\', \'hfghfgh\', NULL, \'15\', NULL, NULL, NULL, \'1668526733_0784fb2bf817936aa7aa.jpg\')', 0)
 2 SYSTEMPATH\Database\BaseConnection.php(666): CodeIgniter\Database\MySQLi\Connection->execute('INSERT INTO `tbl_hotel` (`nama_hotel`, `status_bintang`, `alamat_hotel`, `coordinate`, `id_provinsi`, `id_kabupaten`, `id_kecamatan`, `id_kelurahan`, `foto_hotel`) VALUES (\'ghjf\', \'2\', \'hfghfgh\', NULL, \'15\', NULL, NULL, NULL, \'1668526733_0784fb2bf817936aa7aa.jpg\')')
 3 SYSTEMPATH\Database\BaseConnection.php(593): CodeIgniter\Database\BaseConnection->simpleQuery('INSERT INTO `tbl_hotel` (`nama_hotel`, `status_bintang`, `alamat_hotel`, `coordinate`, `id_provinsi`, `id_kabupaten`, `id_kecamatan`, `id_kelurahan`, `foto_hotel`) VALUES (\'ghjf\', \'2\', \'hfghfgh\', NULL, \'15\', NULL, NULL, NULL, \'1668526733_0784fb2bf817936aa7aa.jpg\')')
 4 SYSTEMPATH\Database\BaseBuilder.php(1916): CodeIgniter\Database\BaseConnection->query('INSERT INTO `tbl_hotel` (`nama_hotel`, `status_bintang`, `alamat_hotel`, `coordinate`, `id_provinsi`, `id_kabupaten`, `id_kecamatan`, `id_kelurahan`, `foto_hotel`) VALUES (:nama_hotel:, :status_bintang:, :alamat_hotel:, :coordinate:, :id_provinsi:, :id_kabupaten:, :id_kecamatan:, :id_kelurahan:, :foto_hotel:)', [...], false)
 5 APPPATH\Models\ModelHotel.php(32): CodeIgniter\Database\BaseBuilder->insert([...])
 6 APPPATH\Controllers\Admin.php(250): App\Models\ModelHotel->addHotel([...])
 7 SYSTEMPATH\CodeIgniter.php(927): App\Controllers\Admin->tambah_Hotel()
 8 SYSTEMPATH\CodeIgniter.php(482): CodeIgniter\CodeIgniter->runController(Object(App\Controllers\Admin))
 9 SYSTEMPATH\CodeIgniter.php(351): CodeIgniter\CodeIgniter->handleRequest(null, Object(Config\Cache), false)
10 FCPATH\index.php(67): CodeIgniter\CodeIgniter->run()
11 SYSTEMPATH\Commands\Server\rewrite.php(46): require_once('FCPATH\\index.php')
ERROR - 2022-11-15 09:39:04 --> mysqli_sql_exception: Unknown column 'status_bintang' in 'field list' in F:\WEB\XAMPP\htdocs\wwegis-hotel\vendor\codeigniter4\framework\system\Database\MySQLi\Connection.php:292
Stack trace:
#0 F:\WEB\XAMPP\htdocs\wwegis-hotel\vendor\codeigniter4\framework\system\Database\MySQLi\Connection.php(292): mysqli->query('INSERT INTO `tb...', 0)
#1 F:\WEB\XAMPP\htdocs\wwegis-hotel\vendor\codeigniter4\framework\system\Database\BaseConnection.php(666): CodeIgniter\Database\MySQLi\Connection->execute('INSERT INTO `tb...')
#2 F:\WEB\XAMPP\htdocs\wwegis-hotel\vendor\codeigniter4\framework\system\Database\BaseConnection.php(593): CodeIgniter\Database\BaseConnection->simpleQuery('INSERT INTO `tb...')
#3 F:\WEB\XAMPP\htdocs\wwegis-hotel\vendor\codeigniter4\framework\system\Database\BaseBuilder.php(1916): CodeIgniter\Database\BaseConnection->query('INSERT INTO `tb...', Array, false)
#4 F:\WEB\XAMPP\htdocs\wwegis-hotel\app\Models\ModelHotel.php(32): CodeIgniter\Database\BaseBuilder->insert(Array)
#5 F:\WEB\XAMPP\htdocs\wwegis-hotel\app\Controllers\Admin.php(250): App\Models\ModelHotel->addHotel(Array)
#6 F:\WEB\XAMPP\htdocs\wwegis-hotel\vendor\codeigniter4\framework\system\CodeIgniter.php(927): App\Controllers\Admin->tambah_Hotel()
#7 F:\WEB\XAMPP\htdocs\wwegis-hotel\vendor\codeigniter4\framework\system\CodeIgniter.php(482): CodeIgniter\CodeIgniter->runController(Object(App\Controllers\Admin))
#8 F:\WEB\XAMPP\htdocs\wwegis-hotel\vendor\codeigniter4\framework\system\CodeIgniter.php(351): CodeIgniter\CodeIgniter->handleRequest(NULL, Object(Config\Cache), false)
#9 F:\WEB\XAMPP\htdocs\wwegis-hotel\public\index.php(67): CodeIgniter\CodeIgniter->run()
#10 F:\WEB\XAMPP\htdocs\wwegis-hotel\vendor\codeigniter4\framework\system\Commands\Server\rewrite.php(46): require_once('F:\\WEB\\XAMPP\\ht...')
#11 {main}
CRITICAL - 2022-11-15 09:39:04 --> Unknown column 'status_bintang' in 'field list'
in SYSTEMPATH\Database\MySQLi\Connection.php on line 292.
 1 SYSTEMPATH\Database\MySQLi\Connection.php(292): mysqli->query('INSERT INTO `tbl_hotel` (`nama_hotel`, `status_bintang`, `alamat_hotel`, `coordinate`, `id_provinsi`, `id_kabupaten`, `id_kecamatan`, `id_kelurahan`, `foto_hotel`) VALUES (\'ghjf\', \'3\', \'hfghfgh\', NULL, \'12\', \'1202\', \'1202020\', \'1202020028\', \'1668526744_ab3d30b860b2149300aa.jpg\')', 0)
 2 SYSTEMPATH\Database\BaseConnection.php(666): CodeIgniter\Database\MySQLi\Connection->execute('INSERT INTO `tbl_hotel` (`nama_hotel`, `status_bintang`, `alamat_hotel`, `coordinate`, `id_provinsi`, `id_kabupaten`, `id_kecamatan`, `id_kelurahan`, `foto_hotel`) VALUES (\'ghjf\', \'3\', \'hfghfgh\', NULL, \'12\', \'1202\', \'1202020\', \'1202020028\', \'1668526744_ab3d30b860b2149300aa.jpg\')')
 3 SYSTEMPATH\Database\BaseConnection.php(593): CodeIgniter\Database\BaseConnection->simpleQuery('INSERT INTO `tbl_hotel` (`nama_hotel`, `status_bintang`, `alamat_hotel`, `coordinate`, `id_provinsi`, `id_kabupaten`, `id_kecamatan`, `id_kelurahan`, `foto_hotel`) VALUES (\'ghjf\', \'3\', \'hfghfgh\', NULL, \'12\', \'1202\', \'1202020\', \'1202020028\', \'1668526744_ab3d30b860b2149300aa.jpg\')')
 4 SYSTEMPATH\Database\BaseBuilder.php(1916): CodeIgniter\Database\BaseConnection->query('INSERT INTO `tbl_hotel` (`nama_hotel`, `status_bintang`, `alamat_hotel`, `coordinate`, `id_provinsi`, `id_kabupaten`, `id_kecamatan`, `id_kelurahan`, `foto_hotel`) VALUES (:nama_hotel:, :status_bintang:, :alamat_hotel:, :coordinate:, :id_provinsi:, :id_kabupaten:, :id_kecamatan:, :id_kelurahan:, :foto_hotel:)', [...], false)
 5 APPPATH\Models\ModelHotel.php(32): CodeIgniter\Database\BaseBuilder->insert([...])
 6 APPPATH\Controllers\Admin.php(250): App\Models\ModelHotel->addHotel([...])
 7 SYSTEMPATH\CodeIgniter.php(927): App\Controllers\Admin->tambah_Hotel()
 8 SYSTEMPATH\CodeIgniter.php(482): CodeIgniter\CodeIgniter->runController(Object(App\Controllers\Admin))
 9 SYSTEMPATH\CodeIgniter.php(351): CodeIgniter\CodeIgniter->handleRequest(null, Object(Config\Cache), false)
10 FCPATH\index.php(67): CodeIgniter\CodeIgniter->run()
11 SYSTEMPATH\Commands\Server\rewrite.php(46): require_once('FCPATH\\index.php')
CRITICAL - 2022-11-15 09:48:13 --> Undefined property: stdClass::$status_bintang
in APPPATH\Views\admin\hotelData.php on line 51.
 1 APPPATH\Views\admin\hotelData.php(51): CodeIgniter\Debug\Exceptions->errorHandler(2, 'Undefined property: stdClass::$status_bintang', 'APPPATH\\Views\\admin\\hotelData.php', 51)
 2 SYSTEMPATH\View\View.php(213): include('APPPATH\\Views\\admin\\hotelData.php')
 3 SYSTEMPATH\View\View.php(216): CodeIgniter\View\View->CodeIgniter\View\{closure}()
 4 SYSTEMPATH\Common.php(1134): CodeIgniter\View\View->render('admin/hotelData', [], true)
 5 APPPATH\Controllers\Admin.php(208): view('admin/hotelData', [...])
 6 SYSTEMPATH\CodeIgniter.php(927): App\Controllers\Admin->hotel()
 7 SYSTEMPATH\CodeIgniter.php(482): CodeIgniter\CodeIgniter->runController(Object(App\Controllers\Admin))
 8 SYSTEMPATH\CodeIgniter.php(351): CodeIgniter\CodeIgniter->handleRequest(null, Object(Config\Cache), false)
 9 FCPATH\index.php(67): CodeIgniter\CodeIgniter->run()
10 SYSTEMPATH\Commands\Server\rewrite.php(46): require_once('FCPATH\\index.php')
